[debug] [2025-10-23T18:22:26.202Z] ----------------------------------------------------------------------
[debug] [2025-10-23T18:22:26.205Z] Command:       C:\Program Files\nodejs\node.exe C:\Users\Usuario\AppData\Roaming\npm\node_modules\firebase-tools\lib\bin\firebase.js deploy --only functions
[debug] [2025-10-23T18:22:26.205Z] CLI Version:   14.21.0
[debug] [2025-10-23T18:22:26.206Z] Platform:      win32
[debug] [2025-10-23T18:22:26.206Z] Node Version:  v22.14.0
[debug] [2025-10-23T18:22:26.206Z] Time:          Thu Oct 23 2025 15:22:26 GMT-0300 (Horário Padrão de Brasília)
[debug] [2025-10-23T18:22:26.206Z] ----------------------------------------------------------------------
[debug] 
[debug] [2025-10-23T18:22:26.404Z] > command requires scopes: ["email","openid","https://www.googleapis.com/auth/cloudplatformprojects.readonly","https://www.googleapis.com/auth/firebase","https://www.googleapis.com/auth/cloud-platform"]
[debug] [2025-10-23T18:22:26.405Z] > authorizing via signed-in user (matheus.prestes@fancoregroup.com.br)
[debug] [2025-10-23T18:22:26.405Z] [iam] checking project reservas-salas-empresa for permissions ["cloudfunctions.functions.create","cloudfunctions.functions.delete","cloudfunctions.functions.get","cloudfunctions.functions.list","cloudfunctions.functions.update","cloudfunctions.operations.get","firebase.projects.get"]
[debug] [2025-10-23T18:22:26.406Z] Checked if tokens are valid: false, expires at: 1761244491751
[debug] [2025-10-23T18:22:26.406Z] Checked if tokens are valid: false, expires at: 1761244491751
[debug] [2025-10-23T18:22:26.406Z] > refreshing access token with scopes: []
[debug] [2025-10-23T18:22:26.422Z] >>> [apiv2][query] POST https://www.googleapis.com/oauth2/v3/token [none]
[debug] [2025-10-23T18:22:26.422Z] >>> [apiv2][body] POST https://www.googleapis.com/oauth2/v3/token [omitted]
[debug] [2025-10-23T18:22:26.695Z] <<< [apiv2][status] POST https://www.googleapis.com/oauth2/v3/token 200
[debug] [2025-10-23T18:22:26.696Z] <<< [apiv2][body] POST https://www.googleapis.com/oauth2/v3/token [omitted]
[debug] [2025-10-23T18:22:26.709Z] >>> [apiv2][query] POST https://cloudresourcemanager.googleapis.com/v1/projects/reservas-salas-empresa:testIamPermissions [none]
[debug] [2025-10-23T18:22:26.709Z] >>> [apiv2][(partial)header] POST https://cloudresourcemanager.googleapis.com/v1/projects/reservas-salas-empresa:testIamPermissions x-goog-quota-user=projects/reservas-salas-empresa
[debug] [2025-10-23T18:22:26.709Z] >>> [apiv2][body] POST https://cloudresourcemanager.googleapis.com/v1/projects/reservas-salas-empresa:testIamPermissions {"permissions":["cloudfunctions.functions.create","cloudfunctions.functions.delete","cloudfunctions.functions.get","cloudfunctions.functions.list","cloudfunctions.functions.update","cloudfunctions.operations.get","firebase.projects.get"]}
[debug] [2025-10-23T18:22:27.063Z] <<< [apiv2][status] POST https://cloudresourcemanager.googleapis.com/v1/projects/reservas-salas-empresa:testIamPermissions 200
[debug] [2025-10-23T18:22:27.063Z] <<< [apiv2][body] POST https://cloudresourcemanager.googleapis.com/v1/projects/reservas-salas-empresa:testIamPermissions {"permissions":["cloudfunctions.functions.create","cloudfunctions.functions.delete","cloudfunctions.functions.get","cloudfunctions.functions.list","cloudfunctions.functions.update","cloudfunctions.operations.get","firebase.projects.get"]}
[debug] [2025-10-23T18:22:27.064Z] Checked if tokens are valid: true, expires at: 1761247345696
[debug] [2025-10-23T18:22:27.064Z] Checked if tokens are valid: true, expires at: 1761247345696
[debug] [2025-10-23T18:22:27.064Z] >>> [apiv2][query] POST https://iam.googleapis.com/v1/projects/reservas-salas-empresa/serviceAccounts/reservas-salas-empresa@appspot.gserviceaccount.com:testIamPermissions [none]
[debug] [2025-10-23T18:22:27.064Z] >>> [apiv2][body] POST https://iam.googleapis.com/v1/projects/reservas-salas-empresa/serviceAccounts/reservas-salas-empresa@appspot.gserviceaccount.com:testIamPermissions {"permissions":["iam.serviceAccounts.actAs"]}
[debug] [2025-10-23T18:22:28.004Z] <<< [apiv2][status] POST https://iam.googleapis.com/v1/projects/reservas-salas-empresa/serviceAccounts/reservas-salas-empresa@appspot.gserviceaccount.com:testIamPermissions 200
[debug] [2025-10-23T18:22:28.004Z] <<< [apiv2][body] POST https://iam.googleapis.com/v1/projects/reservas-salas-empresa/serviceAccounts/reservas-salas-empresa@appspot.gserviceaccount.com:testIamPermissions {"permissions":["iam.serviceAccounts.actAs"]}
[info] 
[info] === Deploying to 'reservas-salas-empresa'...
[info] 
[info] i  deploying functions 
[debug] [2025-10-23T18:22:28.008Z] Checked if tokens are valid: true, expires at: 1761247345696
[debug] [2025-10-23T18:22:28.008Z] Checked if tokens are valid: true, expires at: 1761247345696
[debug] [2025-10-23T18:22:28.008Z] >>> [apiv2][query] GET https://cloudresourcemanager.googleapis.com/v1/projects/reservas-salas-empresa [none]
[debug] [2025-10-23T18:22:28.234Z] <<< [apiv2][status] GET https://cloudresourcemanager.googleapis.com/v1/projects/reservas-salas-empresa 200
[debug] [2025-10-23T18:22:28.234Z] <<< [apiv2][body] GET https://cloudresourcemanager.googleapis.com/v1/projects/reservas-salas-empresa {"projectNumber":"127561408933","projectId":"reservas-salas-empresa","lifecycleState":"ACTIVE","name":"Reservas-Salas-empresa","labels":{"firebase":"enabled","firebase-core":"disabled"},"createTime":"2025-10-09T18:52:04.932816Z","parent":{"type":"organization","id":"670791792013"}}
[info] i  functions: preparing codebase default for deployment 
[info] i  functions: ensuring required API cloudfunctions.googleapis.com is enabled... 
[info] i  functions: ensuring required API cloudbuild.googleapis.com is enabled... 
[info] i  artifactregistry: ensuring required API artifactregistry.googleapis.com is enabled... 
[debug] [2025-10-23T18:22:28.239Z] Checked if tokens are valid: true, expires at: 1761247345696
[debug] [2025-10-23T18:22:28.239Z] Checked if tokens are valid: true, expires at: 1761247345696
[debug] [2025-10-23T18:22:28.240Z] >>> [apiv2][query] GET https://firebase.googleapis.com/v1beta1/projects/reservas-salas-empresa/adminSdkConfig [none]
[debug] [2025-10-23T18:22:28.667Z] <<< [apiv2][status] GET https://firebase.googleapis.com/v1beta1/projects/reservas-salas-empresa/adminSdkConfig 200
[debug] [2025-10-23T18:22:28.668Z] <<< [apiv2][body] GET https://firebase.googleapis.com/v1beta1/projects/reservas-salas-empresa/adminSdkConfig {"projectId":"reservas-salas-empresa","storageBucket":"reservas-salas-empresa.firebasestorage.app"}
[debug] [2025-10-23T18:22:28.671Z] Validating nodejs source
[debug] [2025-10-23T18:22:30.143Z] > [functions] package.json contents: {
  "name": "functions",
  "description": "Cloud Functions for Firebase",
  "scripts": {
    "serve": "firebase emulators:start --only functions",
    "shell": "firebase functions:shell",
    "start": "npm run shell",
    "deploy": "firebase deploy --only functions",
    "logs": "firebase functions:log"
  },
  "engines": {
    "node": "22"
  },
  "main": "index.js",
  "dependencies": {
    "firebase-admin": "^12.6.0",
    "firebase-functions": "^6.0.1",
    "googleapis": "^164.1.0"
  },
  "devDependencies": {
    "firebase-functions-test": "^3.1.0"
  },
  "private": true
}
[debug] [2025-10-23T18:22:30.144Z] Building nodejs source
[info] i  functions: Loading and analyzing source code for codebase default to determine what to deploy 
[debug] [2025-10-23T18:22:30.145Z] Could not find functions.yaml. Must use http discovery
[debug] [2025-10-23T18:22:30.156Z] Found firebase-functions binary at 'C:\Users\Usuario\Documents\Sistema-reservas\sistema-reservas\functions\node_modules\.bin\firebase-functions'
[info] Serving at port 8038

[debug] [2025-10-23T18:22:33.406Z] Got response from /__/functions.yaml {"endpoints":{"criarEventoNoGoogleAgenda":{"platform":"gcfv1","availableMemoryMb":null,"timeoutSeconds":null,"minInstances":null,"maxInstances":null,"ingressSettings":null,"serviceAccountEmail":null,"vpc":null,"region":["southamerica-east1"],"eventTrigger":{"eventType":"providers/cloud.firestore/eventTypes/document.create","eventFilters":{"resource":"projects/reservas-salas-empresa/databases/(default)/documents/reservas/{reservaId}"},"retry":false},"labels":{},"entryPoint":"criarEventoNoGoogleAgenda"},"deletarEventoNoGoogleAgenda":{"platform":"gcfv1","availableMemoryMb":null,"timeoutSeconds":null,"minInstances":null,"maxInstances":null,"ingressSettings":null,"serviceAccountEmail":null,"vpc":null,"region":["southamerica-east1"],"eventTrigger":{"eventType":"providers/cloud.firestore/eventTypes/document.delete","eventFilters":{"resource":"projects/reservas-salas-empresa/databases/(default)/documents/reservas/{reservaId}"},"retry":false},"labels":{},"entryPoint":"deletarEventoNoGoogleAgenda"}},"specVersion":"v1alpha1","requiredAPIs":[],"extensions":{}}
[info] i  extensions: ensuring required API firebaseextensions.googleapis.com is enabled... 
[debug] [2025-10-23T18:22:37.464Z] Checked if tokens are valid: true, expires at: 1761247345696
[debug] [2025-10-23T18:22:37.464Z] Checked if tokens are valid: true, expires at: 1761247345696
[debug] [2025-10-23T18:22:37.465Z] >>> [apiv2][query] GET https://serviceusage.googleapis.com/v1/projects/reservas-salas-empresa/services/firebaseextensions.googleapis.com [none]
[debug] [2025-10-23T18:22:37.465Z] >>> [apiv2][(partial)header] GET https://serviceusage.googleapis.com/v1/projects/reservas-salas-empresa/services/firebaseextensions.googleapis.com x-goog-quota-user=projects/reservas-salas-empresa
[debug] [2025-10-23T18:22:38.578Z] <<< [apiv2][status] GET https://serviceusage.googleapis.com/v1/projects/reservas-salas-empresa/services/firebaseextensions.googleapis.com 200
[debug] [2025-10-23T18:22:38.578Z] <<< [apiv2][body] GET https://serviceusage.googleapis.com/v1/projects/reservas-salas-empresa/services/firebaseextensions.googleapis.com [omitted]
[warn] !  extensions: missing required API firebaseextensions.googleapis.com. Enabling now... 
[debug] [2025-10-23T18:22:38.580Z] Checked if tokens are valid: true, expires at: 1761247345696
[debug] [2025-10-23T18:22:38.580Z] Checked if tokens are valid: true, expires at: 1761247345696
[debug] [2025-10-23T18:22:38.580Z] >>> [apiv2][query] POST https://serviceusage.googleapis.com/v1/projects/reservas-salas-empresa/services/firebaseextensions.googleapis.com:enable [none]
[debug] [2025-10-23T18:22:38.580Z] >>> [apiv2][(partial)header] POST https://serviceusage.googleapis.com/v1/projects/reservas-salas-empresa/services/firebaseextensions.googleapis.com:enable x-goog-quota-user=projects/reservas-salas-empresa
[debug] [2025-10-23T18:22:39.820Z] <<< [apiv2][status] POST https://serviceusage.googleapis.com/v1/projects/reservas-salas-empresa/services/firebaseextensions.googleapis.com:enable 200
[debug] [2025-10-23T18:22:39.820Z] <<< [apiv2][body] POST https://serviceusage.googleapis.com/v1/projects/reservas-salas-empresa/services/firebaseextensions.googleapis.com:enable [omitted]
[debug] [2025-10-23T18:22:49.865Z] > command requires scopes: ["email","openid","https://www.googleapis.com/auth/cloudplatformprojects.readonly","https://www.googleapis.com/auth/firebase","https://www.googleapis.com/auth/cloud-platform"]
[debug] [2025-10-23T18:22:49.866Z] > authorizing via signed-in user (matheus.prestes@fancoregroup.com.br)
[debug] [2025-10-23T18:22:49.866Z] [iam] checking project reservas-salas-empresa for permissions ["firebase.projects.get","firebaseextensions.instances.list"]
[debug] [2025-10-23T18:22:49.866Z] Checked if tokens are valid: true, expires at: 1761247345696
[debug] [2025-10-23T18:22:49.866Z] Checked if tokens are valid: true, expires at: 1761247345696
[debug] [2025-10-23T18:22:49.866Z] >>> [apiv2][query] POST https://cloudresourcemanager.googleapis.com/v1/projects/reservas-salas-empresa:testIamPermissions [none]
[debug] [2025-10-23T18:22:49.866Z] >>> [apiv2][(partial)header] POST https://cloudresourcemanager.googleapis.com/v1/projects/reservas-salas-empresa:testIamPermissions x-goog-quota-user=projects/reservas-salas-empresa
[debug] [2025-10-23T18:22:49.866Z] >>> [apiv2][body] POST https://cloudresourcemanager.googleapis.com/v1/projects/reservas-salas-empresa:testIamPermissions {"permissions":["firebase.projects.get","firebaseextensions.instances.list"]}
[debug] [2025-10-23T18:22:50.727Z] <<< [apiv2][status] POST https://cloudresourcemanager.googleapis.com/v1/projects/reservas-salas-empresa:testIamPermissions 200
[debug] [2025-10-23T18:22:50.727Z] <<< [apiv2][body] POST https://cloudresourcemanager.googleapis.com/v1/projects/reservas-salas-empresa:testIamPermissions {"permissions":["firebase.projects.get","firebaseextensions.instances.list"]}
[debug] [2025-10-23T18:22:50.728Z] Checked if tokens are valid: true, expires at: 1761247345696
[debug] [2025-10-23T18:22:50.728Z] Checked if tokens are valid: true, expires at: 1761247345696
[debug] [2025-10-23T18:22:50.728Z] >>> [apiv2][query] GET https://firebaseextensions.googleapis.com/v1beta/projects/reservas-salas-empresa/instances pageSize=100&pageToken=
[debug] [2025-10-23T18:22:52.851Z] <<< [apiv2][status] GET https://firebaseextensions.googleapis.com/v1beta/projects/reservas-salas-empresa/instances 200
[debug] [2025-10-23T18:22:52.852Z] <<< [apiv2][body] GET https://firebaseextensions.googleapis.com/v1beta/projects/reservas-salas-empresa/instances {}
[info] i  functions: preparing functions directory for uploading... 
[info] i  functions: packaged C:\Users\Usuario\Documents\Sistema-reservas\sistema-reservas\functions (71.61 KB) for uploading 
[debug] [2025-10-23T18:22:52.940Z] Checked if tokens are valid: true, expires at: 1761247345696
[debug] [2025-10-23T18:22:52.941Z] Checked if tokens are valid: true, expires at: 1761247345696
[debug] [2025-10-23T18:22:52.941Z] >>> [apiv2][query] GET https://cloudfunctions.googleapis.com/v1/projects/reservas-salas-empresa/locations/-/functions [none]
[debug] [2025-10-23T18:22:54.092Z] <<< [apiv2][status] GET https://cloudfunctions.googleapis.com/v1/projects/reservas-salas-empresa/locations/-/functions 200
[debug] [2025-10-23T18:22:54.093Z] <<< [apiv2][body] GET https://cloudfunctions.googleapis.com/v1/projects/reservas-salas-empresa/locations/-/functions {}
[debug] [2025-10-23T18:22:54.093Z] Checked if tokens are valid: true, expires at: 1761247345696
[debug] [2025-10-23T18:22:54.093Z] Checked if tokens are valid: true, expires at: 1761247345696
[debug] [2025-10-23T18:22:54.093Z] >>> [apiv2][query] GET https://cloudfunctions.googleapis.com/v2/projects/reservas-salas-empresa/locations/-/functions filter=environment%3D%22GEN_2%22
[debug] [2025-10-23T18:22:55.448Z] <<< [apiv2][status] GET https://cloudfunctions.googleapis.com/v2/projects/reservas-salas-empresa/locations/-/functions 200
[debug] [2025-10-23T18:22:55.448Z] <<< [apiv2][body] GET https://cloudfunctions.googleapis.com/v2/projects/reservas-salas-empresa/locations/-/functions {}
[debug] [2025-10-23T18:22:55.453Z] Checked if tokens are valid: true, expires at: 1761247345696
[debug] [2025-10-23T18:22:55.453Z] Checked if tokens are valid: true, expires at: 1761247345696
[debug] [2025-10-23T18:22:55.453Z] >>> [apiv2][query] GET https://cloudresourcemanager.googleapis.com/v1/projects/reservas-salas-empresa [none]
[debug] [2025-10-23T18:22:55.658Z] <<< [apiv2][status] GET https://cloudresourcemanager.googleapis.com/v1/projects/reservas-salas-empresa 200
[debug] [2025-10-23T18:22:55.658Z] <<< [apiv2][body] GET https://cloudresourcemanager.googleapis.com/v1/projects/reservas-salas-empresa {"projectNumber":"127561408933","projectId":"reservas-salas-empresa","lifecycleState":"ACTIVE","name":"Reservas-Salas-empresa","labels":{"firebase":"enabled","firebase-core":"disabled"},"createTime":"2025-10-09T18:52:04.932816Z","parent":{"type":"organization","id":"670791792013"}}
[debug] [2025-10-23T18:22:55.659Z] Checked if tokens are valid: true, expires at: 1761247345696
[debug] [2025-10-23T18:22:55.659Z] Checked if tokens are valid: true, expires at: 1761247345696
[debug] [2025-10-23T18:22:55.659Z] >>> [apiv2][query] GET https://cloudbilling.googleapis.com/v1/projects/reservas-salas-empresa/billingInfo [none]
[debug] [2025-10-23T18:22:56.898Z] <<< [apiv2][status] GET https://cloudbilling.googleapis.com/v1/projects/reservas-salas-empresa/billingInfo 200
[debug] [2025-10-23T18:22:56.898Z] <<< [apiv2][body] GET https://cloudbilling.googleapis.com/v1/projects/reservas-salas-empresa/billingInfo {"name":"projects/reservas-salas-empresa/billingInfo","projectId":"reservas-salas-empresa","billingAccountName":"billingAccounts/0193F4-7B0ADA-0CDEF4","billingEnabled":true}
[debug] [2025-10-23T18:22:56.899Z] Checked if tokens are valid: true, expires at: 1761247345696
[debug] [2025-10-23T18:22:56.899Z] Checked if tokens are valid: true, expires at: 1761247345696
[debug] [2025-10-23T18:22:56.900Z] >>> [apiv2][query] POST https://cloudfunctions.googleapis.com/v1/projects/reservas-salas-empresa/locations/southamerica-east1/functions:generateUploadUrl [none]
[debug] [2025-10-23T18:22:56.900Z] >>> [apiv2][body] POST https://cloudfunctions.googleapis.com/v1/projects/reservas-salas-empresa/locations/southamerica-east1/functions:generateUploadUrl {}
[debug] [2025-10-23T18:23:18.247Z] <<< [apiv2][status] POST https://cloudfunctions.googleapis.com/v1/projects/reservas-salas-empresa/locations/southamerica-east1/functions:generateUploadUrl 200
[debug] [2025-10-23T18:23:18.247Z] <<< [apiv2][body] POST https://cloudfunctions.googleapis.com/v1/projects/reservas-salas-empresa/locations/southamerica-east1/functions:generateUploadUrl {"uploadUrl":"https://storage.googleapis.com/uploads-1046395464003.southamerica-east1.cloudfunctions.appspot.com/ef72d0f4-5361-44f6-845e-25f896a2ca5a.zip?GoogleAccessId=service-127561408933@gcf-admin-robot.iam.gserviceaccount.com&Expires=1761245596&Signature=nb70ran5OQM5g%2FPZdIIqEHEyGJBuUmHnR9PFyrPKHamzyBDVeewiJy%2Fh7Ce4i18o05pSH6AosLMrWEQ2OefWwPH8FT5UTM8JE6NiIUSXunFm%2BVgjYjzHIQHymXYmeoBV35pw11RYGj8ArrRF92rgU0xFGk6bl%2F1hfTDyk4pY%2FVh8iDdlUa8KtLACiL8cfNS98%2BtXTdbShtQmeW2ZP5L%2FmJsC%2B1rr0WPMn3IfJ8ts0iScyBoULaM9QB9vw962HgGruTeWbvG2VlyWVRcE8YIThDxBFG%2B19M%2FAUsiU3H9VA0GX9ioeYQA0zYrQytRABeqSgvmdMk8fZKA9VEHUne%2BTvg%3D%3D"}
[debug] [2025-10-23T18:23:18.249Z] >>> [apiv2][query] PUT https://storage.googleapis.com/uploads-1046395464003.southamerica-east1.cloudfunctions.appspot.com/ef72d0f4-5361-44f6-845e-25f896a2ca5a.zip GoogleAccessId=service-127561408933%40gcf-admin-robot.iam.gserviceaccount.com&Expires=1761245596&Signature=nb70ran5OQM5g%2FPZdIIqEHEyGJBuUmHnR9PFyrPKHamzyBDVeewiJy%2Fh7Ce4i18o05pSH6AosLMrWEQ2OefWwPH8FT5UTM8JE6NiIUSXunFm%2BVgjYjzHIQHymXYmeoBV35pw11RYGj8ArrRF92rgU0xFGk6bl%2F1hfTDyk4pY%2FVh8iDdlUa8KtLACiL8cfNS98%2BtXTdbShtQmeW2ZP5L%2FmJsC%2B1rr0WPMn3IfJ8ts0iScyBoULaM9QB9vw962HgGruTeWbvG2VlyWVRcE8YIThDxBFG%2B19M%2FAUsiU3H9VA0GX9ioeYQA0zYrQytRABeqSgvmdMk8fZKA9VEHUne%2BTvg%3D%3D
[debug] [2025-10-23T18:23:18.249Z] >>> [apiv2][body] PUT https://storage.googleapis.com/uploads-1046395464003.southamerica-east1.cloudfunctions.appspot.com/ef72d0f4-5361-44f6-845e-25f896a2ca5a.zip [stream]
[debug] [2025-10-23T18:23:18.620Z] <<< [apiv2][status] PUT https://storage.googleapis.com/uploads-1046395464003.southamerica-east1.cloudfunctions.appspot.com/ef72d0f4-5361-44f6-845e-25f896a2ca5a.zip 200
[debug] [2025-10-23T18:23:18.620Z] <<< [apiv2][body] PUT https://storage.googleapis.com/uploads-1046395464003.southamerica-east1.cloudfunctions.appspot.com/ef72d0f4-5361-44f6-845e-25f896a2ca5a.zip [omitted]
[info] +  functions: functions source uploaded successfully 
[info] i  functions: creating Node.js 22 (1st Gen) function criarEventoNoGoogleAgenda(southamerica-east1)... 
[info] i  functions: creating Node.js 22 (1st Gen) function deletarEventoNoGoogleAgenda(southamerica-east1)... 
[debug] [2025-10-23T18:23:18.628Z] Checked if tokens are valid: true, expires at: 1761247345696
[debug] [2025-10-23T18:23:18.628Z] Checked if tokens are valid: true, expires at: 1761247345696
[debug] [2025-10-23T18:23:18.628Z] >>> [apiv2][query] POST https://cloudfunctions.googleapis.com/v1/projects/reservas-salas-empresa/locations/southamerica-east1/functions [none]
[debug] [2025-10-23T18:23:18.628Z] >>> [apiv2][body] POST https://cloudfunctions.googleapis.com/v1/projects/reservas-salas-empresa/locations/southamerica-east1/functions {"name":"projects/reservas-salas-empresa/locations/southamerica-east1/functions/criarEventoNoGoogleAgenda","sourceUploadUrl":"https://storage.googleapis.com/uploads-1046395464003.southamerica-east1.cloudfunctions.appspot.com/ef72d0f4-5361-44f6-845e-25f896a2ca5a.zip?GoogleAccessId=service-127561408933@gcf-admin-robot.iam.gserviceaccount.com&Expires=1761245596&Signature=nb70ran5OQM5g%2FPZdIIqEHEyGJBuUmHnR9PFyrPKHamzyBDVeewiJy%2Fh7Ce4i18o05pSH6AosLMrWEQ2OefWwPH8FT5UTM8JE6NiIUSXunFm%2BVgjYjzHIQHymXYmeoBV35pw11RYGj8ArrRF92rgU0xFGk6bl%2F1hfTDyk4pY%2FVh8iDdlUa8KtLACiL8cfNS98%2BtXTdbShtQmeW2ZP5L%2FmJsC%2B1rr0WPMn3IfJ8ts0iScyBoULaM9QB9vw962HgGruTeWbvG2VlyWVRcE8YIThDxBFG%2B19M%2FAUsiU3H9VA0GX9ioeYQA0zYrQytRABeqSgvmdMk8fZKA9VEHUne%2BTvg%3D%3D","entryPoint":"criarEventoNoGoogleAgenda","runtime":"nodejs22","dockerRegistry":"ARTIFACT_REGISTRY","labels":{"deployment-tool":"cli-firebase","firebase-functions-hash":"48af7179e28251f9244179dea2c58169a3f24645"},"eventTrigger":{"eventType":"providers/cloud.firestore/eventTypes/document.create","resource":"projects/reservas-salas-empresa/databases/(default)/documents/reservas/{reservaId}"},"minInstances":null,"maxInstances":null,"ingressSettings":null,"environmentVariables":{"FIREBASE_CONFIG":"{\"projectId\":\"reservas-salas-empresa\",\"storageBucket\":\"reservas-salas-empresa.firebasestorage.app\"}","GCLOUD_PROJECT":"reservas-salas-empresa","EVENTARC_CLOUD_EVENT_SOURCE":"projects/reservas-salas-empresa/locations/southamerica-east1/functions/criarEventoNoGoogleAgenda"},"serviceAccountEmail":null,"availableMemoryMb":null,"timeout":null,"vpcConnector":null,"vpcConnectorEgressSettings":null,"buildEnvironmentVariables":{"GOOGLE_NODE_RUN_SCRIPTS":""}}
[debug] [2025-10-23T18:23:20.782Z] <<< [apiv2][status] POST https://cloudfunctions.googleapis.com/v1/projects/reservas-salas-empresa/locations/southamerica-east1/functions 200
[debug] [2025-10-23T18:23:20.782Z] <<< [apiv2][body] POST https://cloudfunctions.googleapis.com/v1/projects/reservas-salas-empresa/locations/southamerica-east1/functions {"name":"operations/cHJvamVjdHMvcmVzZXJ2YXMtc2FsYXMtZW1wcmVzYS9sb2NhdGlvbnMvc291dGhhbWVyaWNhLWVhc3QxL29wZXJhdGlvbnMvb3BlcmF0aW9uLTE3NjEyNDM3OTc3NzAtNjQxZDc4NmVkY2ZkYy02M2MzZjg1YS03YWNlYzQxOA","metadata":{"@type":"type.googleapis.com/google.cloud.functions.v1.OperationMetadataV1","target":"projects/reservas-salas-empresa/locations/southamerica-east1/functions/criarEventoNoGoogleAgenda","updateTime":"2025-10-23T18:23:19.412852577Z"}}
[debug] [2025-10-23T18:23:20.783Z] Checked if tokens are valid: true, expires at: 1761247345696
[debug] [2025-10-23T18:23:20.783Z] Checked if tokens are valid: true, expires at: 1761247345696
[debug] [2025-10-23T18:23:20.784Z] >>> [apiv2][query] GET https://cloudfunctions.googleapis.com/v1/operations/cHJvamVjdHMvcmVzZXJ2YXMtc2FsYXMtZW1wcmVzYS9sb2NhdGlvbnMvc291dGhhbWVyaWNhLWVhc3QxL29wZXJhdGlvbnMvb3BlcmF0aW9uLTE3NjEyNDM3OTc3NzAtNjQxZDc4NmVkY2ZkYy02M2MzZjg1YS03YWNlYzQxOA [none]
[debug] [2025-10-23T18:23:21.236Z] <<< [apiv2][status] GET https://cloudfunctions.googleapis.com/v1/operations/cHJvamVjdHMvcmVzZXJ2YXMtc2FsYXMtZW1wcmVzYS9sb2NhdGlvbnMvc291dGhhbWVyaWNhLWVhc3QxL29wZXJhdGlvbnMvb3BlcmF0aW9uLTE3NjEyNDM3OTc3NzAtNjQxZDc4NmVkY2ZkYy02M2MzZjg1YS03YWNlYzQxOA 200
[debug] [2025-10-23T18:23:21.237Z] <<< [apiv2][body] GET https://cloudfunctions.googleapis.com/v1/operations/cHJvamVjdHMvcmVzZXJ2YXMtc2FsYXMtZW1wcmVzYS9sb2NhdGlvbnMvc291dGhhbWVyaWNhLWVhc3QxL29wZXJhdGlvbnMvb3BlcmF0aW9uLTE3NjEyNDM3OTc3NzAtNjQxZDc4NmVkY2ZkYy02M2MzZjg1YS03YWNlYzQxOA {"name":"operations/cHJvamVjdHMvcmVzZXJ2YXMtc2FsYXMtZW1wcmVzYS9sb2NhdGlvbnMvc291dGhhbWVyaWNhLWVhc3QxL29wZXJhdGlvbnMvb3BlcmF0aW9uLTE3NjEyNDM3OTc3NzAtNjQxZDc4NmVkY2ZkYy02M2MzZjg1YS03YWNlYzQxOA","metadata":{"@type":"type.googleapis.com/google.cloud.functions.v1.OperationMetadataV1","target":"projects/reservas-salas-empresa/locations/southamerica-east1/functions/criarEventoNoGoogleAgenda","updateTime":"2025-10-23T18:23:19.412852577Z"}}
[debug] [2025-10-23T18:23:21.746Z] [create-default-southamerica-east1-criarEventoNoGoogleAgenda] Retrying task index 0
[debug] [2025-10-23T18:23:21.747Z] Checked if tokens are valid: true, expires at: 1761247345696
[debug] [2025-10-23T18:23:21.747Z] Checked if tokens are valid: true, expires at: 1761247345696
[debug] [2025-10-23T18:23:21.747Z] >>> [apiv2][query] GET https://cloudfunctions.googleapis.com/v1/operations/cHJvamVjdHMvcmVzZXJ2YXMtc2FsYXMtZW1wcmVzYS9sb2NhdGlvbnMvc291dGhhbWVyaWNhLWVhc3QxL29wZXJhdGlvbnMvb3BlcmF0aW9uLTE3NjEyNDM3OTc3NzAtNjQxZDc4NmVkY2ZkYy02M2MzZjg1YS03YWNlYzQxOA [none]
[debug] [2025-10-23T18:23:22.237Z] <<< [apiv2][status] GET https://cloudfunctions.googleapis.com/v1/operations/cHJvamVjdHMvcmVzZXJ2YXMtc2FsYXMtZW1wcmVzYS9sb2NhdGlvbnMvc291dGhhbWVyaWNhLWVhc3QxL29wZXJhdGlvbnMvb3BlcmF0aW9uLTE3NjEyNDM3OTc3NzAtNjQxZDc4NmVkY2ZkYy02M2MzZjg1YS03YWNlYzQxOA 200
[debug] [2025-10-23T18:23:22.237Z] <<< [apiv2][body] GET https://cloudfunctions.googleapis.com/v1/operations/cHJvamVjdHMvcmVzZXJ2YXMtc2FsYXMtZW1wcmVzYS9sb2NhdGlvbnMvc291dGhhbWVyaWNhLWVhc3QxL29wZXJhdGlvbnMvb3BlcmF0aW9uLTE3NjEyNDM3OTc3NzAtNjQxZDc4NmVkY2ZkYy02M2MzZjg1YS03YWNlYzQxOA {"name":"operations/cHJvamVjdHMvcmVzZXJ2YXMtc2FsYXMtZW1wcmVzYS9sb2NhdGlvbnMvc291dGhhbWVyaWNhLWVhc3QxL29wZXJhdGlvbnMvb3BlcmF0aW9uLTE3NjEyNDM3OTc3NzAtNjQxZDc4NmVkY2ZkYy02M2MzZjg1YS03YWNlYzQxOA","metadata":{"@type":"type.googleapis.com/google.cloud.functions.v1.OperationMetadataV1","target":"projects/reservas-salas-empresa/locations/southamerica-east1/functions/criarEventoNoGoogleAgenda","updateTime":"2025-10-23T18:23:19.412852577Z"}}
[debug] [2025-10-23T18:23:23.252Z] [create-default-southamerica-east1-criarEventoNoGoogleAgenda] Retrying task index 0
[debug] [2025-10-23T18:23:23.253Z] Checked if tokens are valid: true, expires at: 1761247345696
[debug] [2025-10-23T18:23:23.253Z] Checked if tokens are valid: true, expires at: 1761247345696
[debug] [2025-10-23T18:23:23.253Z] >>> [apiv2][query] GET https://cloudfunctions.googleapis.com/v1/operations/cHJvamVjdHMvcmVzZXJ2YXMtc2FsYXMtZW1wcmVzYS9sb2NhdGlvbnMvc291dGhhbWVyaWNhLWVhc3QxL29wZXJhdGlvbnMvb3BlcmF0aW9uLTE3NjEyNDM3OTc3NzAtNjQxZDc4NmVkY2ZkYy02M2MzZjg1YS03YWNlYzQxOA [none]
[debug] [2025-10-23T18:23:23.470Z] <<< [apiv2][status] GET https://cloudfunctions.googleapis.com/v1/operations/cHJvamVjdHMvcmVzZXJ2YXMtc2FsYXMtZW1wcmVzYS9sb2NhdGlvbnMvc291dGhhbWVyaWNhLWVhc3QxL29wZXJhdGlvbnMvb3BlcmF0aW9uLTE3NjEyNDM3OTc3NzAtNjQxZDc4NmVkY2ZkYy02M2MzZjg1YS03YWNlYzQxOA 200
[debug] [2025-10-23T18:23:23.470Z] <<< [apiv2][body] GET https://cloudfunctions.googleapis.com/v1/operations/cHJvamVjdHMvcmVzZXJ2YXMtc2FsYXMtZW1wcmVzYS9sb2NhdGlvbnMvc291dGhhbWVyaWNhLWVhc3QxL29wZXJhdGlvbnMvb3BlcmF0aW9uLTE3NjEyNDM3OTc3NzAtNjQxZDc4NmVkY2ZkYy02M2MzZjg1YS03YWNlYzQxOA {"name":"operations/cHJvamVjdHMvcmVzZXJ2YXMtc2FsYXMtZW1wcmVzYS9sb2NhdGlvbnMvc291dGhhbWVyaWNhLWVhc3QxL29wZXJhdGlvbnMvb3BlcmF0aW9uLTE3NjEyNDM3OTc3NzAtNjQxZDc4NmVkY2ZkYy02M2MzZjg1YS03YWNlYzQxOA","metadata":{"@type":"type.googleapis.com/google.cloud.functions.v1.OperationMetadataV1","target":"projects/reservas-salas-empresa/locations/southamerica-east1/functions/criarEventoNoGoogleAgenda","type":"CREATE_FUNCTION","request":{"@type":"type.googleapis.com/google.cloud.functions.v1.CloudFunction","name":"projects/reservas-salas-empresa/locations/southamerica-east1/functions/criarEventoNoGoogleAgenda","eventTrigger":{"eventType":"providers/cloud.firestore/eventTypes/document.create","resource":"projects/reservas-salas-empresa/databases/(default)/documents/reservas/{reservaId}","failurePolicy":{}},"entryPoint":"criarEventoNoGoogleAgenda","updateTime":"1970-01-01T00:00:00Z","labels":{"deployment-tool":"cli-firebase","firebase-functions-hash":"48af7179e28251f9244179dea2c58169a3f24645"},"sourceUploadUrl":"https://storage.googleapis.com/uploads-1046395464003.southamerica-east1.cloudfunctions.appspot.com/ef72d0f4-5361-44f6-845e-25f896a2ca5a.zip?GoogleAccessId=service-127561408933@gcf-admin-robot.iam.gserviceaccount.com&Expires=1761245596&Signature=nb70ran5OQM5g%2FPZdIIqEHEyGJBuUmHnR9PFyrPKHamzyBDVeewiJy%2Fh7Ce4i18o05pSH6AosLMrWEQ2OefWwPH8FT5UTM8JE6NiIUSXunFm%2BVgjYjzHIQHymXYmeoBV35pw11RYGj8ArrRF92rgU0xFGk6bl%2F1hfTDyk4pY%2FVh8iDdlUa8KtLACiL8cfNS98%2BtXTdbShtQmeW2ZP5L%2FmJsC%2B1rr0WPMn3IfJ8ts0iScyBoULaM9QB9vw962HgGruTeWbvG2VlyWVRcE8YIThDxBFG%2B19M%2FAUsiU3H9VA0GX9ioeYQA0zYrQytRABeqSgvmdMk8fZKA9VEHUne%2BTvg%3D%3D","environmentVariables":{"FIREBASE_CONFIG":"{\"projectId\":\"reservas-salas-empresa\",\"storageBucket\":\"reservas-salas-empresa.firebasestorage.app\"}","GCLOUD_PROJECT":"reservas-salas-empresa","EVENTARC_CLOUD_EVENT_SOURCE":"projects/reservas-salas-empresa/locations/southamerica-east1/functions/criarEventoNoGoogleAgenda"},"runtime":"nodejs22","buildEnvironmentVariables":{"GOOGLE_NODE_RUN_SCRIPTS":""},"dockerRegistry":"ARTIFACT_REGISTRY"},"versionId":"1","updateTime":"2025-10-23T18:23:19.412852577Z"}}
[debug] [2025-10-23T18:23:25.475Z] [create-default-southamerica-east1-criarEventoNoGoogleAgenda] Retrying task index 0
[debug] [2025-10-23T18:23:25.475Z] Checked if tokens are valid: true, expires at: 1761247345696
[debug] [2025-10-23T18:23:25.476Z] Checked if tokens are valid: true, expires at: 1761247345696
[debug] [2025-10-23T18:23:25.476Z] >>> [apiv2][query] GET https://cloudfunctions.googleapis.com/v1/operations/cHJvamVjdHMvcmVzZXJ2YXMtc2FsYXMtZW1wcmVzYS9sb2NhdGlvbnMvc291dGhhbWVyaWNhLWVhc3QxL29wZXJhdGlvbnMvb3BlcmF0aW9uLTE3NjEyNDM3OTc3NzAtNjQxZDc4NmVkY2ZkYy02M2MzZjg1YS03YWNlYzQxOA [none]
[debug] [2025-10-23T18:23:25.649Z] <<< [apiv2][status] GET https://cloudfunctions.googleapis.com/v1/operations/cHJvamVjdHMvcmVzZXJ2YXMtc2FsYXMtZW1wcmVzYS9sb2NhdGlvbnMvc291dGhhbWVyaWNhLWVhc3QxL29wZXJhdGlvbnMvb3BlcmF0aW9uLTE3NjEyNDM3OTc3NzAtNjQxZDc4NmVkY2ZkYy02M2MzZjg1YS03YWNlYzQxOA 200
[debug] [2025-10-23T18:23:25.649Z] <<< [apiv2][body] GET https://cloudfunctions.googleapis.com/v1/operations/cHJvamVjdHMvcmVzZXJ2YXMtc2FsYXMtZW1wcmVzYS9sb2NhdGlvbnMvc291dGhhbWVyaWNhLWVhc3QxL29wZXJhdGlvbnMvb3BlcmF0aW9uLTE3NjEyNDM3OTc3NzAtNjQxZDc4NmVkY2ZkYy02M2MzZjg1YS03YWNlYzQxOA {"name":"operations/cHJvamVjdHMvcmVzZXJ2YXMtc2FsYXMtZW1wcmVzYS9sb2NhdGlvbnMvc291dGhhbWVyaWNhLWVhc3QxL29wZXJhdGlvbnMvb3BlcmF0aW9uLTE3NjEyNDM3OTc3NzAtNjQxZDc4NmVkY2ZkYy02M2MzZjg1YS03YWNlYzQxOA","metadata":{"@type":"type.googleapis.com/google.cloud.functions.v1.OperationMetadataV1","target":"projects/reservas-salas-empresa/locations/southamerica-east1/functions/criarEventoNoGoogleAgenda","type":"CREATE_FUNCTION","request":{"@type":"type.googleapis.com/google.cloud.functions.v1.CloudFunction","name":"projects/reservas-salas-empresa/locations/southamerica-east1/functions/criarEventoNoGoogleAgenda","eventTrigger":{"eventType":"providers/cloud.firestore/eventTypes/document.create","resource":"projects/reservas-salas-empresa/databases/(default)/documents/reservas/{reservaId}","failurePolicy":{}},"entryPoint":"criarEventoNoGoogleAgenda","updateTime":"1970-01-01T00:00:00Z","labels":{"deployment-tool":"cli-firebase","firebase-functions-hash":"48af7179e28251f9244179dea2c58169a3f24645"},"sourceUploadUrl":"https://storage.googleapis.com/uploads-1046395464003.southamerica-east1.cloudfunctions.appspot.com/ef72d0f4-5361-44f6-845e-25f896a2ca5a.zip?GoogleAccessId=service-127561408933@gcf-admin-robot.iam.gserviceaccount.com&Expires=1761245596&Signature=nb70ran5OQM5g%2FPZdIIqEHEyGJBuUmHnR9PFyrPKHamzyBDVeewiJy%2Fh7Ce4i18o05pSH6AosLMrWEQ2OefWwPH8FT5UTM8JE6NiIUSXunFm%2BVgjYjzHIQHymXYmeoBV35pw11RYGj8ArrRF92rgU0xFGk6bl%2F1hfTDyk4pY%2FVh8iDdlUa8KtLACiL8cfNS98%2BtXTdbShtQmeW2ZP5L%2FmJsC%2B1rr0WPMn3IfJ8ts0iScyBoULaM9QB9vw962HgGruTeWbvG2VlyWVRcE8YIThDxBFG%2B19M%2FAUsiU3H9VA0GX9ioeYQA0zYrQytRABeqSgvmdMk8fZKA9VEHUne%2BTvg%3D%3D","environmentVariables":{"FIREBASE_CONFIG":"{\"projectId\":\"reservas-salas-empresa\",\"storageBucket\":\"reservas-salas-empresa.firebasestorage.app\"}","GCLOUD_PROJECT":"reservas-salas-empresa","EVENTARC_CLOUD_EVENT_SOURCE":"projects/reservas-salas-empresa/locations/southamerica-east1/functions/criarEventoNoGoogleAgenda"},"runtime":"nodejs22","buildEnvironmentVariables":{"GOOGLE_NODE_RUN_SCRIPTS":""},"dockerRegistry":"ARTIFACT_REGISTRY"},"versionId":"1","updateTime":"2025-10-23T18:23:19.412852577Z"}}
[debug] [2025-10-23T18:23:29.664Z] [create-default-southamerica-east1-criarEventoNoGoogleAgenda] Retrying task index 0
[debug] [2025-10-23T18:23:29.665Z] Checked if tokens are valid: true, expires at: 1761247345696
[debug] [2025-10-23T18:23:29.665Z] Checked if tokens are valid: true, expires at: 1761247345696
[debug] [2025-10-23T18:23:29.665Z] >>> [apiv2][query] GET https://cloudfunctions.googleapis.com/v1/operations/cHJvamVjdHMvcmVzZXJ2YXMtc2FsYXMtZW1wcmVzYS9sb2NhdGlvbnMvc291dGhhbWVyaWNhLWVhc3QxL29wZXJhdGlvbnMvb3BlcmF0aW9uLTE3NjEyNDM3OTc3NzAtNjQxZDc4NmVkY2ZkYy02M2MzZjg1YS03YWNlYzQxOA [none]
[debug] [2025-10-23T18:23:29.879Z] <<< [apiv2][status] GET https://cloudfunctions.googleapis.com/v1/operations/cHJvamVjdHMvcmVzZXJ2YXMtc2FsYXMtZW1wcmVzYS9sb2NhdGlvbnMvc291dGhhbWVyaWNhLWVhc3QxL29wZXJhdGlvbnMvb3BlcmF0aW9uLTE3NjEyNDM3OTc3NzAtNjQxZDc4NmVkY2ZkYy02M2MzZjg1YS03YWNlYzQxOA 200
[debug] [2025-10-23T18:23:29.879Z] <<< [apiv2][body] GET https://cloudfunctions.googleapis.com/v1/operations/cHJvamVjdHMvcmVzZXJ2YXMtc2FsYXMtZW1wcmVzYS9sb2NhdGlvbnMvc291dGhhbWVyaWNhLWVhc3QxL29wZXJhdGlvbnMvb3BlcmF0aW9uLTE3NjEyNDM3OTc3NzAtNjQxZDc4NmVkY2ZkYy02M2MzZjg1YS03YWNlYzQxOA {"name":"operations/cHJvamVjdHMvcmVzZXJ2YXMtc2FsYXMtZW1wcmVzYS9sb2NhdGlvbnMvc291dGhhbWVyaWNhLWVhc3QxL29wZXJhdGlvbnMvb3BlcmF0aW9uLTE3NjEyNDM3OTc3NzAtNjQxZDc4NmVkY2ZkYy02M2MzZjg1YS03YWNlYzQxOA","metadata":{"@type":"type.googleapis.com/google.cloud.functions.v1.OperationMetadataV1","target":"projects/reservas-salas-empresa/locations/southamerica-east1/functions/criarEventoNoGoogleAgenda","type":"CREATE_FUNCTION","request":{"@type":"type.googleapis.com/google.cloud.functions.v1.CloudFunction","name":"projects/reservas-salas-empresa/locations/southamerica-east1/functions/criarEventoNoGoogleAgenda","eventTrigger":{"eventType":"providers/cloud.firestore/eventTypes/document.create","resource":"projects/reservas-salas-empresa/databases/(default)/documents/reservas/{reservaId}","failurePolicy":{}},"entryPoint":"criarEventoNoGoogleAgenda","updateTime":"1970-01-01T00:00:00Z","labels":{"deployment-tool":"cli-firebase","firebase-functions-hash":"48af7179e28251f9244179dea2c58169a3f24645"},"sourceUploadUrl":"https://storage.googleapis.com/uploads-1046395464003.southamerica-east1.cloudfunctions.appspot.com/ef72d0f4-5361-44f6-845e-25f896a2ca5a.zip?GoogleAccessId=service-127561408933@gcf-admin-robot.iam.gserviceaccount.com&Expires=1761245596&Signature=nb70ran5OQM5g%2FPZdIIqEHEyGJBuUmHnR9PFyrPKHamzyBDVeewiJy%2Fh7Ce4i18o05pSH6AosLMrWEQ2OefWwPH8FT5UTM8JE6NiIUSXunFm%2BVgjYjzHIQHymXYmeoBV35pw11RYGj8ArrRF92rgU0xFGk6bl%2F1hfTDyk4pY%2FVh8iDdlUa8KtLACiL8cfNS98%2BtXTdbShtQmeW2ZP5L%2FmJsC%2B1rr0WPMn3IfJ8ts0iScyBoULaM9QB9vw962HgGruTeWbvG2VlyWVRcE8YIThDxBFG%2B19M%2FAUsiU3H9VA0GX9ioeYQA0zYrQytRABeqSgvmdMk8fZKA9VEHUne%2BTvg%3D%3D","environmentVariables":{"FIREBASE_CONFIG":"{\"projectId\":\"reservas-salas-empresa\",\"storageBucket\":\"reservas-salas-empresa.firebasestorage.app\"}","GCLOUD_PROJECT":"reservas-salas-empresa","EVENTARC_CLOUD_EVENT_SOURCE":"projects/reservas-salas-empresa/locations/southamerica-east1/functions/criarEventoNoGoogleAgenda"},"runtime":"nodejs22","buildEnvironmentVariables":{"GOOGLE_NODE_RUN_SCRIPTS":""},"dockerRegistry":"ARTIFACT_REGISTRY"},"versionId":"1","updateTime":"2025-10-23T18:23:19.412852577Z"}}
[debug] [2025-10-23T18:23:37.881Z] [create-default-southamerica-east1-criarEventoNoGoogleAgenda] Retrying task index 0
[debug] [2025-10-23T18:23:37.882Z] Checked if tokens are valid: true, expires at: 1761247345696
[debug] [2025-10-23T18:23:37.882Z] Checked if tokens are valid: true, expires at: 1761247345696
[debug] [2025-10-23T18:23:37.882Z] >>> [apiv2][query] GET https://cloudfunctions.googleapis.com/v1/operations/cHJvamVjdHMvcmVzZXJ2YXMtc2FsYXMtZW1wcmVzYS9sb2NhdGlvbnMvc291dGhhbWVyaWNhLWVhc3QxL29wZXJhdGlvbnMvb3BlcmF0aW9uLTE3NjEyNDM3OTc3NzAtNjQxZDc4NmVkY2ZkYy02M2MzZjg1YS03YWNlYzQxOA [none]
[debug] [2025-10-23T18:23:38.389Z] <<< [apiv2][status] GET https://cloudfunctions.googleapis.com/v1/operations/cHJvamVjdHMvcmVzZXJ2YXMtc2FsYXMtZW1wcmVzYS9sb2NhdGlvbnMvc291dGhhbWVyaWNhLWVhc3QxL29wZXJhdGlvbnMvb3BlcmF0aW9uLTE3NjEyNDM3OTc3NzAtNjQxZDc4NmVkY2ZkYy02M2MzZjg1YS03YWNlYzQxOA 200
[debug] [2025-10-23T18:23:38.389Z] <<< [apiv2][body] GET https://cloudfunctions.googleapis.com/v1/operations/cHJvamVjdHMvcmVzZXJ2YXMtc2FsYXMtZW1wcmVzYS9sb2NhdGlvbnMvc291dGhhbWVyaWNhLWVhc3QxL29wZXJhdGlvbnMvb3BlcmF0aW9uLTE3NjEyNDM3OTc3NzAtNjQxZDc4NmVkY2ZkYy02M2MzZjg1YS03YWNlYzQxOA {"name":"operations/cHJvamVjdHMvcmVzZXJ2YXMtc2FsYXMtZW1wcmVzYS9sb2NhdGlvbnMvc291dGhhbWVyaWNhLWVhc3QxL29wZXJhdGlvbnMvb3BlcmF0aW9uLTE3NjEyNDM3OTc3NzAtNjQxZDc4NmVkY2ZkYy02M2MzZjg1YS03YWNlYzQxOA","metadata":{"@type":"type.googleapis.com/google.cloud.functions.v1.OperationMetadataV1","target":"projects/reservas-salas-empresa/locations/southamerica-east1/functions/criarEventoNoGoogleAgenda","type":"CREATE_FUNCTION","request":{"@type":"type.googleapis.com/google.cloud.functions.v1.CloudFunction","name":"projects/reservas-salas-empresa/locations/southamerica-east1/functions/criarEventoNoGoogleAgenda","eventTrigger":{"eventType":"providers/cloud.firestore/eventTypes/document.create","resource":"projects/reservas-salas-empresa/databases/(default)/documents/reservas/{reservaId}","failurePolicy":{}},"entryPoint":"criarEventoNoGoogleAgenda","updateTime":"1970-01-01T00:00:00Z","labels":{"deployment-tool":"cli-firebase","firebase-functions-hash":"48af7179e28251f9244179dea2c58169a3f24645"},"sourceUploadUrl":"https://storage.googleapis.com/uploads-1046395464003.southamerica-east1.cloudfunctions.appspot.com/ef72d0f4-5361-44f6-845e-25f896a2ca5a.zip?GoogleAccessId=service-127561408933@gcf-admin-robot.iam.gserviceaccount.com&Expires=1761245596&Signature=nb70ran5OQM5g%2FPZdIIqEHEyGJBuUmHnR9PFyrPKHamzyBDVeewiJy%2Fh7Ce4i18o05pSH6AosLMrWEQ2OefWwPH8FT5UTM8JE6NiIUSXunFm%2BVgjYjzHIQHymXYmeoBV35pw11RYGj8ArrRF92rgU0xFGk6bl%2F1hfTDyk4pY%2FVh8iDdlUa8KtLACiL8cfNS98%2BtXTdbShtQmeW2ZP5L%2FmJsC%2B1rr0WPMn3IfJ8ts0iScyBoULaM9QB9vw962HgGruTeWbvG2VlyWVRcE8YIThDxBFG%2B19M%2FAUsiU3H9VA0GX9ioeYQA0zYrQytRABeqSgvmdMk8fZKA9VEHUne%2BTvg%3D%3D","environmentVariables":{"FIREBASE_CONFIG":"{\"projectId\":\"reservas-salas-empresa\",\"storageBucket\":\"reservas-salas-empresa.firebasestorage.app\"}","GCLOUD_PROJECT":"reservas-salas-empresa","EVENTARC_CLOUD_EVENT_SOURCE":"projects/reservas-salas-empresa/locations/southamerica-east1/functions/criarEventoNoGoogleAgenda"},"runtime":"nodejs22","buildEnvironmentVariables":{"GOOGLE_NODE_RUN_SCRIPTS":""},"dockerRegistry":"ARTIFACT_REGISTRY"},"versionId":"1","updateTime":"2025-10-23T18:23:19.412852577Z"}}
[debug] [2025-10-23T18:23:48.403Z] [create-default-southamerica-east1-criarEventoNoGoogleAgenda] Retrying task index 0
[debug] [2025-10-23T18:23:48.404Z] Checked if tokens are valid: true, expires at: 1761247345696
[debug] [2025-10-23T18:23:48.404Z] Checked if tokens are valid: true, expires at: 1761247345696
[debug] [2025-10-23T18:23:48.404Z] >>> [apiv2][query] GET https://cloudfunctions.googleapis.com/v1/operations/cHJvamVjdHMvcmVzZXJ2YXMtc2FsYXMtZW1wcmVzYS9sb2NhdGlvbnMvc291dGhhbWVyaWNhLWVhc3QxL29wZXJhdGlvbnMvb3BlcmF0aW9uLTE3NjEyNDM3OTc3NzAtNjQxZDc4NmVkY2ZkYy02M2MzZjg1YS03YWNlYzQxOA [none]
[debug] [2025-10-23T18:23:48.889Z] <<< [apiv2][status] GET https://cloudfunctions.googleapis.com/v1/operations/cHJvamVjdHMvcmVzZXJ2YXMtc2FsYXMtZW1wcmVzYS9sb2NhdGlvbnMvc291dGhhbWVyaWNhLWVhc3QxL29wZXJhdGlvbnMvb3BlcmF0aW9uLTE3NjEyNDM3OTc3NzAtNjQxZDc4NmVkY2ZkYy02M2MzZjg1YS03YWNlYzQxOA 200
[debug] [2025-10-23T18:23:48.890Z] <<< [apiv2][body] GET https://cloudfunctions.googleapis.com/v1/operations/cHJvamVjdHMvcmVzZXJ2YXMtc2FsYXMtZW1wcmVzYS9sb2NhdGlvbnMvc291dGhhbWVyaWNhLWVhc3QxL29wZXJhdGlvbnMvb3BlcmF0aW9uLTE3NjEyNDM3OTc3NzAtNjQxZDc4NmVkY2ZkYy02M2MzZjg1YS03YWNlYzQxOA {"name":"operations/cHJvamVjdHMvcmVzZXJ2YXMtc2FsYXMtZW1wcmVzYS9sb2NhdGlvbnMvc291dGhhbWVyaWNhLWVhc3QxL29wZXJhdGlvbnMvb3BlcmF0aW9uLTE3NjEyNDM3OTc3NzAtNjQxZDc4NmVkY2ZkYy02M2MzZjg1YS03YWNlYzQxOA","metadata":{"@type":"type.googleapis.com/google.cloud.functions.v1.OperationMetadataV1","target":"projects/reservas-salas-empresa/locations/southamerica-east1/functions/criarEventoNoGoogleAgenda","type":"CREATE_FUNCTION","request":{"@type":"type.googleapis.com/google.cloud.functions.v1.CloudFunction","name":"projects/reservas-salas-empresa/locations/southamerica-east1/functions/criarEventoNoGoogleAgenda","eventTrigger":{"eventType":"providers/cloud.firestore/eventTypes/document.create","resource":"projects/reservas-salas-empresa/databases/(default)/documents/reservas/{reservaId}","failurePolicy":{}},"entryPoint":"criarEventoNoGoogleAgenda","updateTime":"1970-01-01T00:00:00Z","labels":{"deployment-tool":"cli-firebase","firebase-functions-hash":"48af7179e28251f9244179dea2c58169a3f24645"},"sourceUploadUrl":"https://storage.googleapis.com/uploads-1046395464003.southamerica-east1.cloudfunctions.appspot.com/ef72d0f4-5361-44f6-845e-25f896a2ca5a.zip?GoogleAccessId=service-127561408933@gcf-admin-robot.iam.gserviceaccount.com&Expires=1761245596&Signature=nb70ran5OQM5g%2FPZdIIqEHEyGJBuUmHnR9PFyrPKHamzyBDVeewiJy%2Fh7Ce4i18o05pSH6AosLMrWEQ2OefWwPH8FT5UTM8JE6NiIUSXunFm%2BVgjYjzHIQHymXYmeoBV35pw11RYGj8ArrRF92rgU0xFGk6bl%2F1hfTDyk4pY%2FVh8iDdlUa8KtLACiL8cfNS98%2BtXTdbShtQmeW2ZP5L%2FmJsC%2B1rr0WPMn3IfJ8ts0iScyBoULaM9QB9vw962HgGruTeWbvG2VlyWVRcE8YIThDxBFG%2B19M%2FAUsiU3H9VA0GX9ioeYQA0zYrQytRABeqSgvmdMk8fZKA9VEHUne%2BTvg%3D%3D","environmentVariables":{"FIREBASE_CONFIG":"{\"projectId\":\"reservas-salas-empresa\",\"storageBucket\":\"reservas-salas-empresa.firebasestorage.app\"}","GCLOUD_PROJECT":"reservas-salas-empresa","EVENTARC_CLOUD_EVENT_SOURCE":"projects/reservas-salas-empresa/locations/southamerica-east1/functions/criarEventoNoGoogleAgenda"},"runtime":"nodejs22","buildEnvironmentVariables":{"GOOGLE_NODE_RUN_SCRIPTS":""},"dockerRegistry":"ARTIFACT_REGISTRY"},"versionId":"1","updateTime":"2025-10-23T18:23:19.412852577Z","buildId":"846d2c03-5e5d-4913-8f64-77a4d202f9ae","buildName":"projects/127561408933/locations/southamerica-east1/builds/846d2c03-5e5d-4913-8f64-77a4d202f9ae"}}
[debug] [2025-10-23T18:23:58.893Z] [create-default-southamerica-east1-criarEventoNoGoogleAgenda] Retrying task index 0
[debug] [2025-10-23T18:23:58.894Z] Checked if tokens are valid: true, expires at: 1761247345696
[debug] [2025-10-23T18:23:58.894Z] Checked if tokens are valid: true, expires at: 1761247345696
[debug] [2025-10-23T18:23:58.894Z] >>> [apiv2][query] GET https://cloudfunctions.googleapis.com/v1/operations/cHJvamVjdHMvcmVzZXJ2YXMtc2FsYXMtZW1wcmVzYS9sb2NhdGlvbnMvc291dGhhbWVyaWNhLWVhc3QxL29wZXJhdGlvbnMvb3BlcmF0aW9uLTE3NjEyNDM3OTc3NzAtNjQxZDc4NmVkY2ZkYy02M2MzZjg1YS03YWNlYzQxOA [none]
[debug] [2025-10-23T18:23:59.422Z] <<< [apiv2][status] GET https://cloudfunctions.googleapis.com/v1/operations/cHJvamVjdHMvcmVzZXJ2YXMtc2FsYXMtZW1wcmVzYS9sb2NhdGlvbnMvc291dGhhbWVyaWNhLWVhc3QxL29wZXJhdGlvbnMvb3BlcmF0aW9uLTE3NjEyNDM3OTc3NzAtNjQxZDc4NmVkY2ZkYy02M2MzZjg1YS03YWNlYzQxOA 200
[debug] [2025-10-23T18:23:59.422Z] <<< [apiv2][body] GET https://cloudfunctions.googleapis.com/v1/operations/cHJvamVjdHMvcmVzZXJ2YXMtc2FsYXMtZW1wcmVzYS9sb2NhdGlvbnMvc291dGhhbWVyaWNhLWVhc3QxL29wZXJhdGlvbnMvb3BlcmF0aW9uLTE3NjEyNDM3OTc3NzAtNjQxZDc4NmVkY2ZkYy02M2MzZjg1YS03YWNlYzQxOA {"name":"operations/cHJvamVjdHMvcmVzZXJ2YXMtc2FsYXMtZW1wcmVzYS9sb2NhdGlvbnMvc291dGhhbWVyaWNhLWVhc3QxL29wZXJhdGlvbnMvb3BlcmF0aW9uLTE3NjEyNDM3OTc3NzAtNjQxZDc4NmVkY2ZkYy02M2MzZjg1YS03YWNlYzQxOA","metadata":{"@type":"type.googleapis.com/google.cloud.functions.v1.OperationMetadataV1","target":"projects/reservas-salas-empresa/locations/southamerica-east1/functions/criarEventoNoGoogleAgenda","type":"CREATE_FUNCTION","request":{"@type":"type.googleapis.com/google.cloud.functions.v1.CloudFunction","name":"projects/reservas-salas-empresa/locations/southamerica-east1/functions/criarEventoNoGoogleAgenda","eventTrigger":{"eventType":"providers/cloud.firestore/eventTypes/document.create","resource":"projects/reservas-salas-empresa/databases/(default)/documents/reservas/{reservaId}","failurePolicy":{}},"entryPoint":"criarEventoNoGoogleAgenda","updateTime":"1970-01-01T00:00:00Z","labels":{"deployment-tool":"cli-firebase","firebase-functions-hash":"48af7179e28251f9244179dea2c58169a3f24645"},"sourceUploadUrl":"https://storage.googleapis.com/uploads-1046395464003.southamerica-east1.cloudfunctions.appspot.com/ef72d0f4-5361-44f6-845e-25f896a2ca5a.zip?GoogleAccessId=service-127561408933@gcf-admin-robot.iam.gserviceaccount.com&Expires=1761245596&Signature=nb70ran5OQM5g%2FPZdIIqEHEyGJBuUmHnR9PFyrPKHamzyBDVeewiJy%2Fh7Ce4i18o05pSH6AosLMrWEQ2OefWwPH8FT5UTM8JE6NiIUSXunFm%2BVgjYjzHIQHymXYmeoBV35pw11RYGj8ArrRF92rgU0xFGk6bl%2F1hfTDyk4pY%2FVh8iDdlUa8KtLACiL8cfNS98%2BtXTdbShtQmeW2ZP5L%2FmJsC%2B1rr0WPMn3IfJ8ts0iScyBoULaM9QB9vw962HgGruTeWbvG2VlyWVRcE8YIThDxBFG%2B19M%2FAUsiU3H9VA0GX9ioeYQA0zYrQytRABeqSgvmdMk8fZKA9VEHUne%2BTvg%3D%3D","environmentVariables":{"FIREBASE_CONFIG":"{\"projectId\":\"reservas-salas-empresa\",\"storageBucket\":\"reservas-salas-empresa.firebasestorage.app\"}","GCLOUD_PROJECT":"reservas-salas-empresa","EVENTARC_CLOUD_EVENT_SOURCE":"projects/reservas-salas-empresa/locations/southamerica-east1/functions/criarEventoNoGoogleAgenda"},"runtime":"nodejs22","buildEnvironmentVariables":{"GOOGLE_NODE_RUN_SCRIPTS":""},"dockerRegistry":"ARTIFACT_REGISTRY"},"versionId":"1","updateTime":"2025-10-23T18:23:19.412852577Z","buildId":"846d2c03-5e5d-4913-8f64-77a4d202f9ae","buildName":"projects/127561408933/locations/southamerica-east1/builds/846d2c03-5e5d-4913-8f64-77a4d202f9ae"}}
[debug] [2025-10-23T18:24:09.428Z] [create-default-southamerica-east1-criarEventoNoGoogleAgenda] Retrying task index 0
[debug] [2025-10-23T18:24:09.428Z] Checked if tokens are valid: true, expires at: 1761247345696
[debug] [2025-10-23T18:24:09.428Z] Checked if tokens are valid: true, expires at: 1761247345696
[debug] [2025-10-23T18:24:09.428Z] >>> [apiv2][query] GET https://cloudfunctions.googleapis.com/v1/operations/cHJvamVjdHMvcmVzZXJ2YXMtc2FsYXMtZW1wcmVzYS9sb2NhdGlvbnMvc291dGhhbWVyaWNhLWVhc3QxL29wZXJhdGlvbnMvb3BlcmF0aW9uLTE3NjEyNDM3OTc3NzAtNjQxZDc4NmVkY2ZkYy02M2MzZjg1YS03YWNlYzQxOA [none]
[debug] [2025-10-23T18:24:09.917Z] <<< [apiv2][status] GET https://cloudfunctions.googleapis.com/v1/operations/cHJvamVjdHMvcmVzZXJ2YXMtc2FsYXMtZW1wcmVzYS9sb2NhdGlvbnMvc291dGhhbWVyaWNhLWVhc3QxL29wZXJhdGlvbnMvb3BlcmF0aW9uLTE3NjEyNDM3OTc3NzAtNjQxZDc4NmVkY2ZkYy02M2MzZjg1YS03YWNlYzQxOA 200
[debug] [2025-10-23T18:24:09.918Z] <<< [apiv2][body] GET https://cloudfunctions.googleapis.com/v1/operations/cHJvamVjdHMvcmVzZXJ2YXMtc2FsYXMtZW1wcmVzYS9sb2NhdGlvbnMvc291dGhhbWVyaWNhLWVhc3QxL29wZXJhdGlvbnMvb3BlcmF0aW9uLTE3NjEyNDM3OTc3NzAtNjQxZDc4NmVkY2ZkYy02M2MzZjg1YS03YWNlYzQxOA {"name":"operations/cHJvamVjdHMvcmVzZXJ2YXMtc2FsYXMtZW1wcmVzYS9sb2NhdGlvbnMvc291dGhhbWVyaWNhLWVhc3QxL29wZXJhdGlvbnMvb3BlcmF0aW9uLTE3NjEyNDM3OTc3NzAtNjQxZDc4NmVkY2ZkYy02M2MzZjg1YS03YWNlYzQxOA","metadata":{"@type":"type.googleapis.com/google.cloud.functions.v1.OperationMetadataV1","target":"projects/reservas-salas-empresa/locations/southamerica-east1/functions/criarEventoNoGoogleAgenda","type":"CREATE_FUNCTION","request":{"@type":"type.googleapis.com/google.cloud.functions.v1.CloudFunction","name":"projects/reservas-salas-empresa/locations/southamerica-east1/functions/criarEventoNoGoogleAgenda","eventTrigger":{"eventType":"providers/cloud.firestore/eventTypes/document.create","resource":"projects/reservas-salas-empresa/databases/(default)/documents/reservas/{reservaId}","failurePolicy":{}},"entryPoint":"criarEventoNoGoogleAgenda","updateTime":"1970-01-01T00:00:00Z","labels":{"deployment-tool":"cli-firebase","firebase-functions-hash":"48af7179e28251f9244179dea2c58169a3f24645"},"sourceUploadUrl":"https://storage.googleapis.com/uploads-1046395464003.southamerica-east1.cloudfunctions.appspot.com/ef72d0f4-5361-44f6-845e-25f896a2ca5a.zip?GoogleAccessId=service-127561408933@gcf-admin-robot.iam.gserviceaccount.com&Expires=1761245596&Signature=nb70ran5OQM5g%2FPZdIIqEHEyGJBuUmHnR9PFyrPKHamzyBDVeewiJy%2Fh7Ce4i18o05pSH6AosLMrWEQ2OefWwPH8FT5UTM8JE6NiIUSXunFm%2BVgjYjzHIQHymXYmeoBV35pw11RYGj8ArrRF92rgU0xFGk6bl%2F1hfTDyk4pY%2FVh8iDdlUa8KtLACiL8cfNS98%2BtXTdbShtQmeW2ZP5L%2FmJsC%2B1rr0WPMn3IfJ8ts0iScyBoULaM9QB9vw962HgGruTeWbvG2VlyWVRcE8YIThDxBFG%2B19M%2FAUsiU3H9VA0GX9ioeYQA0zYrQytRABeqSgvmdMk8fZKA9VEHUne%2BTvg%3D%3D","environmentVariables":{"FIREBASE_CONFIG":"{\"projectId\":\"reservas-salas-empresa\",\"storageBucket\":\"reservas-salas-empresa.firebasestorage.app\"}","GCLOUD_PROJECT":"reservas-salas-empresa","EVENTARC_CLOUD_EVENT_SOURCE":"projects/reservas-salas-empresa/locations/southamerica-east1/functions/criarEventoNoGoogleAgenda"},"runtime":"nodejs22","buildEnvironmentVariables":{"GOOGLE_NODE_RUN_SCRIPTS":""},"dockerRegistry":"ARTIFACT_REGISTRY"},"versionId":"1","updateTime":"2025-10-23T18:24:00.858546620Z","buildId":"846d2c03-5e5d-4913-8f64-77a4d202f9ae","buildName":"projects/127561408933/locations/southamerica-east1/builds/846d2c03-5e5d-4913-8f64-77a4d202f9ae"},"done":true,"error":{"code":3,"message":"Gen1 operation for function projects/reservas-salas-empresa/locations/southamerica-east1/functions/criarEventoNoGoogleAgenda failed: Build failed: Access to bucket gcf-sources-127561408933-southamerica-east1 denied. You must grant Storage Object Viewer permission to 127561408933-compute@developer.gserviceaccount.com. If you are using VPC Service Controls, you must also grant it access to your service perimeter.\n."}}
[debug] [2025-10-23T18:24:09.918Z] Got source token undefined for region southamerica-east1
[debug] [2025-10-23T18:24:09.918Z] Checked if tokens are valid: true, expires at: 1761247345696
[debug] [2025-10-23T18:24:09.918Z] Checked if tokens are valid: true, expires at: 1761247345696
[debug] [2025-10-23T18:24:09.918Z] >>> [apiv2][query] POST https://cloudfunctions.googleapis.com/v1/projects/reservas-salas-empresa/locations/southamerica-east1/functions [none]
[debug] [2025-10-23T18:24:09.918Z] >>> [apiv2][body] POST https://cloudfunctions.googleapis.com/v1/projects/reservas-salas-empresa/locations/southamerica-east1/functions {"name":"projects/reservas-salas-empresa/locations/southamerica-east1/functions/deletarEventoNoGoogleAgenda","sourceUploadUrl":"https://storage.googleapis.com/uploads-1046395464003.southamerica-east1.cloudfunctions.appspot.com/ef72d0f4-5361-44f6-845e-25f896a2ca5a.zip?GoogleAccessId=service-127561408933@gcf-admin-robot.iam.gserviceaccount.com&Expires=1761245596&Signature=nb70ran5OQM5g%2FPZdIIqEHEyGJBuUmHnR9PFyrPKHamzyBDVeewiJy%2Fh7Ce4i18o05pSH6AosLMrWEQ2OefWwPH8FT5UTM8JE6NiIUSXunFm%2BVgjYjzHIQHymXYmeoBV35pw11RYGj8ArrRF92rgU0xFGk6bl%2F1hfTDyk4pY%2FVh8iDdlUa8KtLACiL8cfNS98%2BtXTdbShtQmeW2ZP5L%2FmJsC%2B1rr0WPMn3IfJ8ts0iScyBoULaM9QB9vw962HgGruTeWbvG2VlyWVRcE8YIThDxBFG%2B19M%2FAUsiU3H9VA0GX9ioeYQA0zYrQytRABeqSgvmdMk8fZKA9VEHUne%2BTvg%3D%3D","entryPoint":"deletarEventoNoGoogleAgenda","runtime":"nodejs22","dockerRegistry":"ARTIFACT_REGISTRY","labels":{"deployment-tool":"cli-firebase","firebase-functions-hash":"48af7179e28251f9244179dea2c58169a3f24645"},"eventTrigger":{"eventType":"providers/cloud.firestore/eventTypes/document.delete","resource":"projects/reservas-salas-empresa/databases/(default)/documents/reservas/{reservaId}"},"minInstances":null,"maxInstances":null,"ingressSettings":null,"environmentVariables":{"FIREBASE_CONFIG":"{\"projectId\":\"reservas-salas-empresa\",\"storageBucket\":\"reservas-salas-empresa.firebasestorage.app\"}","GCLOUD_PROJECT":"reservas-salas-empresa","EVENTARC_CLOUD_EVENT_SOURCE":"projects/reservas-salas-empresa/locations/southamerica-east1/functions/deletarEventoNoGoogleAgenda"},"serviceAccountEmail":null,"availableMemoryMb":null,"timeout":null,"vpcConnector":null,"vpcConnectorEgressSettings":null,"buildEnvironmentVariables":{"GOOGLE_NODE_RUN_SCRIPTS":""}}
[error] Gen1 operation for function projects/reservas-salas-empresa/locations/southamerica-east1/functions/criarEventoNoGoogleAgenda failed: Build failed: Access to bucket gcf-sources-127561408933-southamerica-east1 denied. You must grant Storage Object Viewer permission to 127561408933-compute@developer.gserviceaccount.com. If you are using VPC Service Controls, you must also grant it access to your service perimeter.
.
[debug] [2025-10-23T18:24:10.806Z] <<< [apiv2][status] POST https://cloudfunctions.googleapis.com/v1/projects/reservas-salas-empresa/locations/southamerica-east1/functions 200
[debug] [2025-10-23T18:24:10.806Z] <<< [apiv2][body] POST https://cloudfunctions.googleapis.com/v1/projects/reservas-salas-empresa/locations/southamerica-east1/functions {"name":"operations/cHJvamVjdHMvcmVzZXJ2YXMtc2FsYXMtZW1wcmVzYS9sb2NhdGlvbnMvc291dGhhbWVyaWNhLWVhc3QxL29wZXJhdGlvbnMvb3BlcmF0aW9uLTE3NjEyNDM4NDg4MDgtNjQxZDc4OWY4OTkxMy01YmI2MGE1NC0xNDNlYzQ1Ng","metadata":{"@type":"type.googleapis.com/google.cloud.functions.v1.OperationMetadataV1","target":"projects/reservas-salas-empresa/locations/southamerica-east1/functions/deletarEventoNoGoogleAgenda","updateTime":"2025-10-23T18:24:09.439068129Z"}}
[debug] [2025-10-23T18:24:10.806Z] Checked if tokens are valid: true, expires at: 1761247345696
[debug] [2025-10-23T18:24:10.806Z] Checked if tokens are valid: true, expires at: 1761247345696
[debug] [2025-10-23T18:24:10.806Z] >>> [apiv2][query] GET https://cloudfunctions.googleapis.com/v1/operations/cHJvamVjdHMvcmVzZXJ2YXMtc2FsYXMtZW1wcmVzYS9sb2NhdGlvbnMvc291dGhhbWVyaWNhLWVhc3QxL29wZXJhdGlvbnMvb3BlcmF0aW9uLTE3NjEyNDM4NDg4MDgtNjQxZDc4OWY4OTkxMy01YmI2MGE1NC0xNDNlYzQ1Ng [none]
[debug] [2025-10-23T18:24:11.213Z] <<< [apiv2][status] GET https://cloudfunctions.googleapis.com/v1/operations/cHJvamVjdHMvcmVzZXJ2YXMtc2FsYXMtZW1wcmVzYS9sb2NhdGlvbnMvc291dGhhbWVyaWNhLWVhc3QxL29wZXJhdGlvbnMvb3BlcmF0aW9uLTE3NjEyNDM4NDg4MDgtNjQxZDc4OWY4OTkxMy01YmI2MGE1NC0xNDNlYzQ1Ng 200
[debug] [2025-10-23T18:24:11.214Z] <<< [apiv2][body] GET https://cloudfunctions.googleapis.com/v1/operations/cHJvamVjdHMvcmVzZXJ2YXMtc2FsYXMtZW1wcmVzYS9sb2NhdGlvbnMvc291dGhhbWVyaWNhLWVhc3QxL29wZXJhdGlvbnMvb3BlcmF0aW9uLTE3NjEyNDM4NDg4MDgtNjQxZDc4OWY4OTkxMy01YmI2MGE1NC0xNDNlYzQ1Ng {"name":"operations/cHJvamVjdHMvcmVzZXJ2YXMtc2FsYXMtZW1wcmVzYS9sb2NhdGlvbnMvc291dGhhbWVyaWNhLWVhc3QxL29wZXJhdGlvbnMvb3BlcmF0aW9uLTE3NjEyNDM4NDg4MDgtNjQxZDc4OWY4OTkxMy01YmI2MGE1NC0xNDNlYzQ1Ng","metadata":{"@type":"type.googleapis.com/google.cloud.functions.v1.OperationMetadataV1","target":"projects/reservas-salas-empresa/locations/southamerica-east1/functions/deletarEventoNoGoogleAgenda","updateTime":"2025-10-23T18:24:09.439068129Z"}}
[debug] [2025-10-23T18:24:11.719Z] [create-default-southamerica-east1-deletarEventoNoGoogleAgenda] Retrying task index 0
[debug] [2025-10-23T18:24:11.719Z] Checked if tokens are valid: true, expires at: 1761247345696
[debug] [2025-10-23T18:24:11.719Z] Checked if tokens are valid: true, expires at: 1761247345696
[debug] [2025-10-23T18:24:11.719Z] >>> [apiv2][query] GET https://cloudfunctions.googleapis.com/v1/operations/cHJvamVjdHMvcmVzZXJ2YXMtc2FsYXMtZW1wcmVzYS9sb2NhdGlvbnMvc291dGhhbWVyaWNhLWVhc3QxL29wZXJhdGlvbnMvb3BlcmF0aW9uLTE3NjEyNDM4NDg4MDgtNjQxZDc4OWY4OTkxMy01YmI2MGE1NC0xNDNlYzQ1Ng [none]
[debug] [2025-10-23T18:24:12.154Z] <<< [apiv2][status] GET https://cloudfunctions.googleapis.com/v1/operations/cHJvamVjdHMvcmVzZXJ2YXMtc2FsYXMtZW1wcmVzYS9sb2NhdGlvbnMvc291dGhhbWVyaWNhLWVhc3QxL29wZXJhdGlvbnMvb3BlcmF0aW9uLTE3NjEyNDM4NDg4MDgtNjQxZDc4OWY4OTkxMy01YmI2MGE1NC0xNDNlYzQ1Ng 200
[debug] [2025-10-23T18:24:12.154Z] <<< [apiv2][body] GET https://cloudfunctions.googleapis.com/v1/operations/cHJvamVjdHMvcmVzZXJ2YXMtc2FsYXMtZW1wcmVzYS9sb2NhdGlvbnMvc291dGhhbWVyaWNhLWVhc3QxL29wZXJhdGlvbnMvb3BlcmF0aW9uLTE3NjEyNDM4NDg4MDgtNjQxZDc4OWY4OTkxMy01YmI2MGE1NC0xNDNlYzQ1Ng {"name":"operations/cHJvamVjdHMvcmVzZXJ2YXMtc2FsYXMtZW1wcmVzYS9sb2NhdGlvbnMvc291dGhhbWVyaWNhLWVhc3QxL29wZXJhdGlvbnMvb3BlcmF0aW9uLTE3NjEyNDM4NDg4MDgtNjQxZDc4OWY4OTkxMy01YmI2MGE1NC0xNDNlYzQ1Ng","metadata":{"@type":"type.googleapis.com/google.cloud.functions.v1.OperationMetadataV1","target":"projects/reservas-salas-empresa/locations/southamerica-east1/functions/deletarEventoNoGoogleAgenda","type":"CREATE_FUNCTION","request":{"@type":"type.googleapis.com/google.cloud.functions.v1.CloudFunction","name":"projects/reservas-salas-empresa/locations/southamerica-east1/functions/deletarEventoNoGoogleAgenda","eventTrigger":{"eventType":"providers/cloud.firestore/eventTypes/document.delete","resource":"projects/reservas-salas-empresa/databases/(default)/documents/reservas/{reservaId}","failurePolicy":{}},"entryPoint":"deletarEventoNoGoogleAgenda","updateTime":"1970-01-01T00:00:00Z","labels":{"deployment-tool":"cli-firebase","firebase-functions-hash":"48af7179e28251f9244179dea2c58169a3f24645"},"sourceUploadUrl":"https://storage.googleapis.com/uploads-1046395464003.southamerica-east1.cloudfunctions.appspot.com/ef72d0f4-5361-44f6-845e-25f896a2ca5a.zip?GoogleAccessId=service-127561408933@gcf-admin-robot.iam.gserviceaccount.com&Expires=1761245596&Signature=nb70ran5OQM5g%2FPZdIIqEHEyGJBuUmHnR9PFyrPKHamzyBDVeewiJy%2Fh7Ce4i18o05pSH6AosLMrWEQ2OefWwPH8FT5UTM8JE6NiIUSXunFm%2BVgjYjzHIQHymXYmeoBV35pw11RYGj8ArrRF92rgU0xFGk6bl%2F1hfTDyk4pY%2FVh8iDdlUa8KtLACiL8cfNS98%2BtXTdbShtQmeW2ZP5L%2FmJsC%2B1rr0WPMn3IfJ8ts0iScyBoULaM9QB9vw962HgGruTeWbvG2VlyWVRcE8YIThDxBFG%2B19M%2FAUsiU3H9VA0GX9ioeYQA0zYrQytRABeqSgvmdMk8fZKA9VEHUne%2BTvg%3D%3D","environmentVariables":{"FIREBASE_CONFIG":"{\"projectId\":\"reservas-salas-empresa\",\"storageBucket\":\"reservas-salas-empresa.firebasestorage.app\"}","GCLOUD_PROJECT":"reservas-salas-empresa","EVENTARC_CLOUD_EVENT_SOURCE":"projects/reservas-salas-empresa/locations/southamerica-east1/functions/deletarEventoNoGoogleAgenda"},"runtime":"nodejs22","buildEnvironmentVariables":{"GOOGLE_NODE_RUN_SCRIPTS":""},"dockerRegistry":"ARTIFACT_REGISTRY"},"versionId":"1","updateTime":"2025-10-23T18:24:09.439068129Z"}}
[debug] [2025-10-23T18:24:13.170Z] [create-default-southamerica-east1-deletarEventoNoGoogleAgenda] Retrying task index 0
[debug] [2025-10-23T18:24:13.170Z] Checked if tokens are valid: true, expires at: 1761247345696
[debug] [2025-10-23T18:24:13.170Z] Checked if tokens are valid: true, expires at: 1761247345696
[debug] [2025-10-23T18:24:13.170Z] >>> [apiv2][query] GET https://cloudfunctions.googleapis.com/v1/operations/cHJvamVjdHMvcmVzZXJ2YXMtc2FsYXMtZW1wcmVzYS9sb2NhdGlvbnMvc291dGhhbWVyaWNhLWVhc3QxL29wZXJhdGlvbnMvb3BlcmF0aW9uLTE3NjEyNDM4NDg4MDgtNjQxZDc4OWY4OTkxMy01YmI2MGE1NC0xNDNlYzQ1Ng [none]
[debug] [2025-10-23T18:24:13.564Z] <<< [apiv2][status] GET https://cloudfunctions.googleapis.com/v1/operations/cHJvamVjdHMvcmVzZXJ2YXMtc2FsYXMtZW1wcmVzYS9sb2NhdGlvbnMvc291dGhhbWVyaWNhLWVhc3QxL29wZXJhdGlvbnMvb3BlcmF0aW9uLTE3NjEyNDM4NDg4MDgtNjQxZDc4OWY4OTkxMy01YmI2MGE1NC0xNDNlYzQ1Ng 200
[debug] [2025-10-23T18:24:13.564Z] <<< [apiv2][body] GET https://cloudfunctions.googleapis.com/v1/operations/cHJvamVjdHMvcmVzZXJ2YXMtc2FsYXMtZW1wcmVzYS9sb2NhdGlvbnMvc291dGhhbWVyaWNhLWVhc3QxL29wZXJhdGlvbnMvb3BlcmF0aW9uLTE3NjEyNDM4NDg4MDgtNjQxZDc4OWY4OTkxMy01YmI2MGE1NC0xNDNlYzQ1Ng {"name":"operations/cHJvamVjdHMvcmVzZXJ2YXMtc2FsYXMtZW1wcmVzYS9sb2NhdGlvbnMvc291dGhhbWVyaWNhLWVhc3QxL29wZXJhdGlvbnMvb3BlcmF0aW9uLTE3NjEyNDM4NDg4MDgtNjQxZDc4OWY4OTkxMy01YmI2MGE1NC0xNDNlYzQ1Ng","metadata":{"@type":"type.googleapis.com/google.cloud.functions.v1.OperationMetadataV1","target":"projects/reservas-salas-empresa/locations/southamerica-east1/functions/deletarEventoNoGoogleAgenda","type":"CREATE_FUNCTION","request":{"@type":"type.googleapis.com/google.cloud.functions.v1.CloudFunction","name":"projects/reservas-salas-empresa/locations/southamerica-east1/functions/deletarEventoNoGoogleAgenda","eventTrigger":{"eventType":"providers/cloud.firestore/eventTypes/document.delete","resource":"projects/reservas-salas-empresa/databases/(default)/documents/reservas/{reservaId}","failurePolicy":{}},"entryPoint":"deletarEventoNoGoogleAgenda","updateTime":"1970-01-01T00:00:00Z","labels":{"deployment-tool":"cli-firebase","firebase-functions-hash":"48af7179e28251f9244179dea2c58169a3f24645"},"sourceUploadUrl":"https://storage.googleapis.com/uploads-1046395464003.southamerica-east1.cloudfunctions.appspot.com/ef72d0f4-5361-44f6-845e-25f896a2ca5a.zip?GoogleAccessId=service-127561408933@gcf-admin-robot.iam.gserviceaccount.com&Expires=1761245596&Signature=nb70ran5OQM5g%2FPZdIIqEHEyGJBuUmHnR9PFyrPKHamzyBDVeewiJy%2Fh7Ce4i18o05pSH6AosLMrWEQ2OefWwPH8FT5UTM8JE6NiIUSXunFm%2BVgjYjzHIQHymXYmeoBV35pw11RYGj8ArrRF92rgU0xFGk6bl%2F1hfTDyk4pY%2FVh8iDdlUa8KtLACiL8cfNS98%2BtXTdbShtQmeW2ZP5L%2FmJsC%2B1rr0WPMn3IfJ8ts0iScyBoULaM9QB9vw962HgGruTeWbvG2VlyWVRcE8YIThDxBFG%2B19M%2FAUsiU3H9VA0GX9ioeYQA0zYrQytRABeqSgvmdMk8fZKA9VEHUne%2BTvg%3D%3D","environmentVariables":{"FIREBASE_CONFIG":"{\"projectId\":\"reservas-salas-empresa\",\"storageBucket\":\"reservas-salas-empresa.firebasestorage.app\"}","GCLOUD_PROJECT":"reservas-salas-empresa","EVENTARC_CLOUD_EVENT_SOURCE":"projects/reservas-salas-empresa/locations/southamerica-east1/functions/deletarEventoNoGoogleAgenda"},"runtime":"nodejs22","buildEnvironmentVariables":{"GOOGLE_NODE_RUN_SCRIPTS":""},"dockerRegistry":"ARTIFACT_REGISTRY"},"versionId":"1","updateTime":"2025-10-23T18:24:09.439068129Z"}}
[debug] [2025-10-23T18:24:15.567Z] [create-default-southamerica-east1-deletarEventoNoGoogleAgenda] Retrying task index 0
[debug] [2025-10-23T18:24:15.568Z] Checked if tokens are valid: true, expires at: 1761247345696
[debug] [2025-10-23T18:24:15.568Z] Checked if tokens are valid: true, expires at: 1761247345696
[debug] [2025-10-23T18:24:15.568Z] >>> [apiv2][query] GET https://cloudfunctions.googleapis.com/v1/operations/cHJvamVjdHMvcmVzZXJ2YXMtc2FsYXMtZW1wcmVzYS9sb2NhdGlvbnMvc291dGhhbWVyaWNhLWVhc3QxL29wZXJhdGlvbnMvb3BlcmF0aW9uLTE3NjEyNDM4NDg4MDgtNjQxZDc4OWY4OTkxMy01YmI2MGE1NC0xNDNlYzQ1Ng [none]
[debug] [2025-10-23T18:24:15.980Z] <<< [apiv2][status] GET https://cloudfunctions.googleapis.com/v1/operations/cHJvamVjdHMvcmVzZXJ2YXMtc2FsYXMtZW1wcmVzYS9sb2NhdGlvbnMvc291dGhhbWVyaWNhLWVhc3QxL29wZXJhdGlvbnMvb3BlcmF0aW9uLTE3NjEyNDM4NDg4MDgtNjQxZDc4OWY4OTkxMy01YmI2MGE1NC0xNDNlYzQ1Ng 200
[debug] [2025-10-23T18:24:15.981Z] <<< [apiv2][body] GET https://cloudfunctions.googleapis.com/v1/operations/cHJvamVjdHMvcmVzZXJ2YXMtc2FsYXMtZW1wcmVzYS9sb2NhdGlvbnMvc291dGhhbWVyaWNhLWVhc3QxL29wZXJhdGlvbnMvb3BlcmF0aW9uLTE3NjEyNDM4NDg4MDgtNjQxZDc4OWY4OTkxMy01YmI2MGE1NC0xNDNlYzQ1Ng {"name":"operations/cHJvamVjdHMvcmVzZXJ2YXMtc2FsYXMtZW1wcmVzYS9sb2NhdGlvbnMvc291dGhhbWVyaWNhLWVhc3QxL29wZXJhdGlvbnMvb3BlcmF0aW9uLTE3NjEyNDM4NDg4MDgtNjQxZDc4OWY4OTkxMy01YmI2MGE1NC0xNDNlYzQ1Ng","metadata":{"@type":"type.googleapis.com/google.cloud.functions.v1.OperationMetadataV1","target":"projects/reservas-salas-empresa/locations/southamerica-east1/functions/deletarEventoNoGoogleAgenda","type":"CREATE_FUNCTION","request":{"@type":"type.googleapis.com/google.cloud.functions.v1.CloudFunction","name":"projects/reservas-salas-empresa/locations/southamerica-east1/functions/deletarEventoNoGoogleAgenda","eventTrigger":{"eventType":"providers/cloud.firestore/eventTypes/document.delete","resource":"projects/reservas-salas-empresa/databases/(default)/documents/reservas/{reservaId}","failurePolicy":{}},"entryPoint":"deletarEventoNoGoogleAgenda","updateTime":"1970-01-01T00:00:00Z","labels":{"deployment-tool":"cli-firebase","firebase-functions-hash":"48af7179e28251f9244179dea2c58169a3f24645"},"sourceUploadUrl":"https://storage.googleapis.com/uploads-1046395464003.southamerica-east1.cloudfunctions.appspot.com/ef72d0f4-5361-44f6-845e-25f896a2ca5a.zip?GoogleAccessId=service-127561408933@gcf-admin-robot.iam.gserviceaccount.com&Expires=1761245596&Signature=nb70ran5OQM5g%2FPZdIIqEHEyGJBuUmHnR9PFyrPKHamzyBDVeewiJy%2Fh7Ce4i18o05pSH6AosLMrWEQ2OefWwPH8FT5UTM8JE6NiIUSXunFm%2BVgjYjzHIQHymXYmeoBV35pw11RYGj8ArrRF92rgU0xFGk6bl%2F1hfTDyk4pY%2FVh8iDdlUa8KtLACiL8cfNS98%2BtXTdbShtQmeW2ZP5L%2FmJsC%2B1rr0WPMn3IfJ8ts0iScyBoULaM9QB9vw962HgGruTeWbvG2VlyWVRcE8YIThDxBFG%2B19M%2FAUsiU3H9VA0GX9ioeYQA0zYrQytRABeqSgvmdMk8fZKA9VEHUne%2BTvg%3D%3D","environmentVariables":{"FIREBASE_CONFIG":"{\"projectId\":\"reservas-salas-empresa\",\"storageBucket\":\"reservas-salas-empresa.firebasestorage.app\"}","GCLOUD_PROJECT":"reservas-salas-empresa","EVENTARC_CLOUD_EVENT_SOURCE":"projects/reservas-salas-empresa/locations/southamerica-east1/functions/deletarEventoNoGoogleAgenda"},"runtime":"nodejs22","buildEnvironmentVariables":{"GOOGLE_NODE_RUN_SCRIPTS":""},"dockerRegistry":"ARTIFACT_REGISTRY"},"versionId":"1","updateTime":"2025-10-23T18:24:09.439068129Z","buildId":"7c7c6a03-550d-4e28-93ab-2b141427c7ac","buildName":"projects/127561408933/locations/southamerica-east1/builds/7c7c6a03-550d-4e28-93ab-2b141427c7ac"}}
[debug] [2025-10-23T18:24:19.990Z] [create-default-southamerica-east1-deletarEventoNoGoogleAgenda] Retrying task index 0
[debug] [2025-10-23T18:24:19.990Z] Checked if tokens are valid: true, expires at: 1761247345696
[debug] [2025-10-23T18:24:19.990Z] Checked if tokens are valid: true, expires at: 1761247345696
[debug] [2025-10-23T18:24:19.990Z] >>> [apiv2][query] GET https://cloudfunctions.googleapis.com/v1/operations/cHJvamVjdHMvcmVzZXJ2YXMtc2FsYXMtZW1wcmVzYS9sb2NhdGlvbnMvc291dGhhbWVyaWNhLWVhc3QxL29wZXJhdGlvbnMvb3BlcmF0aW9uLTE3NjEyNDM4NDg4MDgtNjQxZDc4OWY4OTkxMy01YmI2MGE1NC0xNDNlYzQ1Ng [none]
[debug] [2025-10-23T18:24:20.411Z] <<< [apiv2][status] GET https://cloudfunctions.googleapis.com/v1/operations/cHJvamVjdHMvcmVzZXJ2YXMtc2FsYXMtZW1wcmVzYS9sb2NhdGlvbnMvc291dGhhbWVyaWNhLWVhc3QxL29wZXJhdGlvbnMvb3BlcmF0aW9uLTE3NjEyNDM4NDg4MDgtNjQxZDc4OWY4OTkxMy01YmI2MGE1NC0xNDNlYzQ1Ng 200
[debug] [2025-10-23T18:24:20.411Z] <<< [apiv2][body] GET https://cloudfunctions.googleapis.com/v1/operations/cHJvamVjdHMvcmVzZXJ2YXMtc2FsYXMtZW1wcmVzYS9sb2NhdGlvbnMvc291dGhhbWVyaWNhLWVhc3QxL29wZXJhdGlvbnMvb3BlcmF0aW9uLTE3NjEyNDM4NDg4MDgtNjQxZDc4OWY4OTkxMy01YmI2MGE1NC0xNDNlYzQ1Ng {"name":"operations/cHJvamVjdHMvcmVzZXJ2YXMtc2FsYXMtZW1wcmVzYS9sb2NhdGlvbnMvc291dGhhbWVyaWNhLWVhc3QxL29wZXJhdGlvbnMvb3BlcmF0aW9uLTE3NjEyNDM4NDg4MDgtNjQxZDc4OWY4OTkxMy01YmI2MGE1NC0xNDNlYzQ1Ng","metadata":{"@type":"type.googleapis.com/google.cloud.functions.v1.OperationMetadataV1","target":"projects/reservas-salas-empresa/locations/southamerica-east1/functions/deletarEventoNoGoogleAgenda","type":"CREATE_FUNCTION","request":{"@type":"type.googleapis.com/google.cloud.functions.v1.CloudFunction","name":"projects/reservas-salas-empresa/locations/southamerica-east1/functions/deletarEventoNoGoogleAgenda","eventTrigger":{"eventType":"providers/cloud.firestore/eventTypes/document.delete","resource":"projects/reservas-salas-empresa/databases/(default)/documents/reservas/{reservaId}","failurePolicy":{}},"entryPoint":"deletarEventoNoGoogleAgenda","updateTime":"1970-01-01T00:00:00Z","labels":{"deployment-tool":"cli-firebase","firebase-functions-hash":"48af7179e28251f9244179dea2c58169a3f24645"},"sourceUploadUrl":"https://storage.googleapis.com/uploads-1046395464003.southamerica-east1.cloudfunctions.appspot.com/ef72d0f4-5361-44f6-845e-25f896a2ca5a.zip?GoogleAccessId=service-127561408933@gcf-admin-robot.iam.gserviceaccount.com&Expires=1761245596&Signature=nb70ran5OQM5g%2FPZdIIqEHEyGJBuUmHnR9PFyrPKHamzyBDVeewiJy%2Fh7Ce4i18o05pSH6AosLMrWEQ2OefWwPH8FT5UTM8JE6NiIUSXunFm%2BVgjYjzHIQHymXYmeoBV35pw11RYGj8ArrRF92rgU0xFGk6bl%2F1hfTDyk4pY%2FVh8iDdlUa8KtLACiL8cfNS98%2BtXTdbShtQmeW2ZP5L%2FmJsC%2B1rr0WPMn3IfJ8ts0iScyBoULaM9QB9vw962HgGruTeWbvG2VlyWVRcE8YIThDxBFG%2B19M%2FAUsiU3H9VA0GX9ioeYQA0zYrQytRABeqSgvmdMk8fZKA9VEHUne%2BTvg%3D%3D","environmentVariables":{"FIREBASE_CONFIG":"{\"projectId\":\"reservas-salas-empresa\",\"storageBucket\":\"reservas-salas-empresa.firebasestorage.app\"}","GCLOUD_PROJECT":"reservas-salas-empresa","EVENTARC_CLOUD_EVENT_SOURCE":"projects/reservas-salas-empresa/locations/southamerica-east1/functions/deletarEventoNoGoogleAgenda"},"runtime":"nodejs22","buildEnvironmentVariables":{"GOOGLE_NODE_RUN_SCRIPTS":""},"dockerRegistry":"ARTIFACT_REGISTRY"},"versionId":"1","updateTime":"2025-10-23T18:24:09.439068129Z","buildId":"7c7c6a03-550d-4e28-93ab-2b141427c7ac","buildName":"projects/127561408933/locations/southamerica-east1/builds/7c7c6a03-550d-4e28-93ab-2b141427c7ac"}}
[debug] [2025-10-23T18:24:28.419Z] [create-default-southamerica-east1-deletarEventoNoGoogleAgenda] Retrying task index 0
[debug] [2025-10-23T18:24:28.419Z] Checked if tokens are valid: true, expires at: 1761247345696
[debug] [2025-10-23T18:24:28.419Z] Checked if tokens are valid: true, expires at: 1761247345696
[debug] [2025-10-23T18:24:28.419Z] >>> [apiv2][query] GET https://cloudfunctions.googleapis.com/v1/operations/cHJvamVjdHMvcmVzZXJ2YXMtc2FsYXMtZW1wcmVzYS9sb2NhdGlvbnMvc291dGhhbWVyaWNhLWVhc3QxL29wZXJhdGlvbnMvb3BlcmF0aW9uLTE3NjEyNDM4NDg4MDgtNjQxZDc4OWY4OTkxMy01YmI2MGE1NC0xNDNlYzQ1Ng [none]
[debug] [2025-10-23T18:24:28.701Z] <<< [apiv2][status] GET https://cloudfunctions.googleapis.com/v1/operations/cHJvamVjdHMvcmVzZXJ2YXMtc2FsYXMtZW1wcmVzYS9sb2NhdGlvbnMvc291dGhhbWVyaWNhLWVhc3QxL29wZXJhdGlvbnMvb3BlcmF0aW9uLTE3NjEyNDM4NDg4MDgtNjQxZDc4OWY4OTkxMy01YmI2MGE1NC0xNDNlYzQ1Ng 200
[debug] [2025-10-23T18:24:28.701Z] <<< [apiv2][body] GET https://cloudfunctions.googleapis.com/v1/operations/cHJvamVjdHMvcmVzZXJ2YXMtc2FsYXMtZW1wcmVzYS9sb2NhdGlvbnMvc291dGhhbWVyaWNhLWVhc3QxL29wZXJhdGlvbnMvb3BlcmF0aW9uLTE3NjEyNDM4NDg4MDgtNjQxZDc4OWY4OTkxMy01YmI2MGE1NC0xNDNlYzQ1Ng {"name":"operations/cHJvamVjdHMvcmVzZXJ2YXMtc2FsYXMtZW1wcmVzYS9sb2NhdGlvbnMvc291dGhhbWVyaWNhLWVhc3QxL29wZXJhdGlvbnMvb3BlcmF0aW9uLTE3NjEyNDM4NDg4MDgtNjQxZDc4OWY4OTkxMy01YmI2MGE1NC0xNDNlYzQ1Ng","metadata":{"@type":"type.googleapis.com/google.cloud.functions.v1.OperationMetadataV1","target":"projects/reservas-salas-empresa/locations/southamerica-east1/functions/deletarEventoNoGoogleAgenda","type":"CREATE_FUNCTION","request":{"@type":"type.googleapis.com/google.cloud.functions.v1.CloudFunction","name":"projects/reservas-salas-empresa/locations/southamerica-east1/functions/deletarEventoNoGoogleAgenda","eventTrigger":{"eventType":"providers/cloud.firestore/eventTypes/document.delete","resource":"projects/reservas-salas-empresa/databases/(default)/documents/reservas/{reservaId}","failurePolicy":{}},"entryPoint":"deletarEventoNoGoogleAgenda","updateTime":"1970-01-01T00:00:00Z","labels":{"deployment-tool":"cli-firebase","firebase-functions-hash":"48af7179e28251f9244179dea2c58169a3f24645"},"sourceUploadUrl":"https://storage.googleapis.com/uploads-1046395464003.southamerica-east1.cloudfunctions.appspot.com/ef72d0f4-5361-44f6-845e-25f896a2ca5a.zip?GoogleAccessId=service-127561408933@gcf-admin-robot.iam.gserviceaccount.com&Expires=1761245596&Signature=nb70ran5OQM5g%2FPZdIIqEHEyGJBuUmHnR9PFyrPKHamzyBDVeewiJy%2Fh7Ce4i18o05pSH6AosLMrWEQ2OefWwPH8FT5UTM8JE6NiIUSXunFm%2BVgjYjzHIQHymXYmeoBV35pw11RYGj8ArrRF92rgU0xFGk6bl%2F1hfTDyk4pY%2FVh8iDdlUa8KtLACiL8cfNS98%2BtXTdbShtQmeW2ZP5L%2FmJsC%2B1rr0WPMn3IfJ8ts0iScyBoULaM9QB9vw962HgGruTeWbvG2VlyWVRcE8YIThDxBFG%2B19M%2FAUsiU3H9VA0GX9ioeYQA0zYrQytRABeqSgvmdMk8fZKA9VEHUne%2BTvg%3D%3D","environmentVariables":{"FIREBASE_CONFIG":"{\"projectId\":\"reservas-salas-empresa\",\"storageBucket\":\"reservas-salas-empresa.firebasestorage.app\"}","GCLOUD_PROJECT":"reservas-salas-empresa","EVENTARC_CLOUD_EVENT_SOURCE":"projects/reservas-salas-empresa/locations/southamerica-east1/functions/deletarEventoNoGoogleAgenda"},"runtime":"nodejs22","buildEnvironmentVariables":{"GOOGLE_NODE_RUN_SCRIPTS":""},"dockerRegistry":"ARTIFACT_REGISTRY"},"versionId":"1","updateTime":"2025-10-23T18:24:22.466518961Z","buildId":"7c7c6a03-550d-4e28-93ab-2b141427c7ac","buildName":"projects/127561408933/locations/southamerica-east1/builds/7c7c6a03-550d-4e28-93ab-2b141427c7ac"},"done":true,"error":{"code":3,"message":"Gen1 operation for function projects/reservas-salas-empresa/locations/southamerica-east1/functions/deletarEventoNoGoogleAgenda failed: Build failed: Access to bucket gcf-sources-127561408933-southamerica-east1 denied. You must grant Storage Object Viewer permission to 127561408933-compute@developer.gserviceaccount.com. If you are using VPC Service Controls, you must also grant it access to your service perimeter.\n."}}
[debug] [2025-10-23T18:24:28.701Z] Got source token undefined for region southamerica-east1
[error] Gen1 operation for function projects/reservas-salas-empresa/locations/southamerica-east1/functions/deletarEventoNoGoogleAgenda failed: Build failed: Access to bucket gcf-sources-127561408933-southamerica-east1 denied. You must grant Storage Object Viewer permission to 127561408933-compute@developer.gserviceaccount.com. If you are using VPC Service Controls, you must also grant it access to your service perimeter.
.
[debug] [2025-10-23T18:24:28.713Z] Total Function Deployment time: 70077
[debug] [2025-10-23T18:24:28.713Z] 2 Functions Deployed
[debug] [2025-10-23T18:24:28.714Z] 2 Functions Errored
[debug] [2025-10-23T18:24:28.714Z] 0 Function Deployments Aborted
[debug] [2025-10-23T18:24:28.714Z] Average Function Deployment time: 60684
[info] 
[info] Functions deploy had errors with the following functions:
	criarEventoNoGoogleAgenda(southamerica-east1)
	deletarEventoNoGoogleAgenda(southamerica-east1)
[debug] [2025-10-23T18:24:28.901Z] Checked if tokens are valid: true, expires at: 1761247345696
[debug] [2025-10-23T18:24:28.901Z] Checked if tokens are valid: true, expires at: 1761247345696
[debug] [2025-10-23T18:24:28.901Z] >>> [apiv2][query] GET https://artifactregistry.googleapis.com/v1/projects/reservas-salas-empresa/locations/southamerica-east1/repositories/gcf-artifacts [none]
[debug] [2025-10-23T18:24:29.528Z] <<< [apiv2][status] GET https://artifactregistry.googleapis.com/v1/projects/reservas-salas-empresa/locations/southamerica-east1/repositories/gcf-artifacts 200
[debug] [2025-10-23T18:24:29.528Z] <<< [apiv2][body] GET https://artifactregistry.googleapis.com/v1/projects/reservas-salas-empresa/locations/southamerica-east1/repositories/gcf-artifacts {"name":"projects/reservas-salas-empresa/locations/southamerica-east1/repositories/gcf-artifacts","format":"DOCKER","description":"This repository is created and used by Cloud Functions for storing function docker images.","labels":{"goog-managed-by":"cloudfunctions"},"createTime":"2025-10-23T18:23:39.025244Z","updateTime":"2025-10-23T18:23:39.025244Z","mode":"STANDARD_REPOSITORY","satisfiesPzs":true,"vulnerabilityScanningConfig":{"lastEnableTime":"2025-10-23T18:23:23.378490049Z","enablementState":"SCANNING_DISABLED","enablementStateReason":"API containerscanning.googleapis.com is not enabled."},"satisfiesPzi":true,"registryUri":"southamerica-east1-docker.pkg.dev/reservas-salas-empresa/gcf-artifacts"}
[warn] !  functions: No cleanup policy detected for repositories in southamerica-east1. This may result in a small monthly bill as container images accumulate over time. 
[info] i  functions: Configuring cleanup policy for repository in southamerica-east1. Images older than 1 days will be automatically deleted. 
[debug] [2025-10-23T18:25:41.604Z] Setting up artifact cleanup policy for region southamerica-east1
[debug] [2025-10-23T18:25:41.605Z] Checked if tokens are valid: true, expires at: 1761247345696
[debug] [2025-10-23T18:25:41.605Z] Checked if tokens are valid: true, expires at: 1761247345696
[debug] [2025-10-23T18:25:41.605Z] >>> [apiv2][query] PATCH https://artifactregistry.googleapis.com/v1/projects/reservas-salas-empresa/locations/southamerica-east1/repositories/gcf-artifacts updateMask=name%2CcleanupPolicies%2CcleanupPolicyDryRun%2Clabels
[debug] [2025-10-23T18:25:41.606Z] >>> [apiv2][body] PATCH https://artifactregistry.googleapis.com/v1/projects/reservas-salas-empresa/locations/southamerica-east1/repositories/gcf-artifacts {"name":"projects/reservas-salas-empresa/locations/southamerica-east1/repositories/gcf-artifacts","cleanupPolicies":{"firebase-functions-cleanup":{"id":"firebase-functions-cleanup","condition":{"tagState":"ANY","olderThan":"86400s"},"action":"DELETE"}},"cleanupPolicyDryRun":false,"labels":{"goog-managed-by":"cloudfunctions"}}
[debug] [2025-10-23T18:25:42.319Z] <<< [apiv2][status] PATCH https://artifactregistry.googleapis.com/v1/projects/reservas-salas-empresa/locations/southamerica-east1/repositories/gcf-artifacts 200
[debug] [2025-10-23T18:25:42.320Z] <<< [apiv2][body] PATCH https://artifactregistry.googleapis.com/v1/projects/reservas-salas-empresa/locations/southamerica-east1/repositories/gcf-artifacts {"name":"projects/reservas-salas-empresa/locations/southamerica-east1/repositories/gcf-artifacts","format":"DOCKER","description":"This repository is created and used by Cloud Functions for storing function docker images.","labels":{"goog-managed-by":"cloudfunctions"},"createTime":"2025-10-23T18:23:39.025244Z","updateTime":"2025-10-23T18:25:40.825752Z","mode":"STANDARD_REPOSITORY","cleanupPolicies":{"firebase-functions-cleanup":{"id":"firebase-functions-cleanup","action":"DELETE","condition":{"tagState":"ANY","olderThan":"86400s"}}},"satisfiesPzs":true,"vulnerabilityScanningConfig":{"lastEnableTime":"2025-10-23T18:23:23.378490049Z","enablementState":"SCANNING_DISABLED","enablementStateReason":"API containerscanning.googleapis.com is not enabled."},"satisfiesPzi":true}
[info] i  functions: Configured cleanup policy for repository in southamerica-east1. 
[debug] [2025-10-23T18:25:42.321Z] Functions deploy failed.
[debug] [2025-10-23T18:25:42.321Z] {
  "endpoint": {
    "id": "criarEventoNoGoogleAgenda",
    "project": "reservas-salas-empresa",
    "region": "southamerica-east1",
    "entryPoint": "criarEventoNoGoogleAgenda",
    "platform": "gcfv1",
    "runtime": "nodejs22",
    "eventTrigger": {
      "eventType": "providers/cloud.firestore/eventTypes/document.create",
      "retry": false,
      "eventFilters": {
        "resource": "projects/reservas-salas-empresa/databases/(default)/documents/reservas/{reservaId}"
      }
    },
    "labels": {
      "deployment-tool": "cli-firebase"
    },
    "serviceAccount": null,
    "ingressSettings": null,
    "availableMemoryMb": null,
    "timeoutSeconds": null,
    "maxInstances": null,
    "minInstances": null,
    "vpc": null,
    "environmentVariables": {
      "FIREBASE_CONFIG": "{\"projectId\":\"reservas-salas-empresa\",\"storageBucket\":\"reservas-salas-empresa.firebasestorage.app\"}",
      "GCLOUD_PROJECT": "reservas-salas-empresa",
      "EVENTARC_CLOUD_EVENT_SOURCE": "projects/reservas-salas-empresa/locations/southamerica-east1/functions/criarEventoNoGoogleAgenda"
    },
    "codebase": "default",
    "targetedByOnly": false,
    "hash": "48af7179e28251f9244179dea2c58169a3f24645"
  },
  "op": "create",
  "original": {
    "name": "FirebaseError",
    "children": [],
    "exit": 1,
    "message": "Gen1 operation for function projects/reservas-salas-empresa/locations/southamerica-east1/functions/criarEventoNoGoogleAgenda failed: Build failed: Access to bucket gcf-sources-127561408933-southamerica-east1 denied. You must grant Storage Object Viewer permission to 127561408933-compute@developer.gserviceaccount.com. If you are using VPC Service Controls, you must also grant it access to your service perimeter.\n.",
    "original": {
      "code": 3,
      "message": "Gen1 operation for function projects/reservas-salas-empresa/locations/southamerica-east1/functions/criarEventoNoGoogleAgenda failed: Build failed: Access to bucket gcf-sources-127561408933-southamerica-east1 denied. You must grant Storage Object Viewer permission to 127561408933-compute@developer.gserviceaccount.com. If you are using VPC Service Controls, you must also grant it access to your service perimeter.\n."
    },
    "status": 3,
    "code": 3
  }
}
[debug] [2025-10-23T18:25:42.321Z] {
  "endpoint": {
    "id": "deletarEventoNoGoogleAgenda",
    "project": "reservas-salas-empresa",
    "region": "southamerica-east1",
    "entryPoint": "deletarEventoNoGoogleAgenda",
    "platform": "gcfv1",
    "runtime": "nodejs22",
    "eventTrigger": {
      "eventType": "providers/cloud.firestore/eventTypes/document.delete",
      "retry": false,
      "eventFilters": {
        "resource": "projects/reservas-salas-empresa/databases/(default)/documents/reservas/{reservaId}"
      }
    },
    "labels": {
      "deployment-tool": "cli-firebase"
    },
    "serviceAccount": null,
    "ingressSettings": null,
    "availableMemoryMb": null,
    "timeoutSeconds": null,
    "maxInstances": null,
    "minInstances": null,
    "vpc": null,
    "environmentVariables": {
      "FIREBASE_CONFIG": "{\"projectId\":\"reservas-salas-empresa\",\"storageBucket\":\"reservas-salas-empresa.firebasestorage.app\"}",
      "GCLOUD_PROJECT": "reservas-salas-empresa",
      "EVENTARC_CLOUD_EVENT_SOURCE": "projects/reservas-salas-empresa/locations/southamerica-east1/functions/deletarEventoNoGoogleAgenda"
    },
    "codebase": "default",
    "targetedByOnly": false,
    "hash": "48af7179e28251f9244179dea2c58169a3f24645"
  },
  "op": "create",
  "original": {
    "name": "FirebaseError",
    "children": [],
    "exit": 1,
    "message": "Gen1 operation for function projects/reservas-salas-empresa/locations/southamerica-east1/functions/deletarEventoNoGoogleAgenda failed: Build failed: Access to bucket gcf-sources-127561408933-southamerica-east1 denied. You must grant Storage Object Viewer permission to 127561408933-compute@developer.gserviceaccount.com. If you are using VPC Service Controls, you must also grant it access to your service perimeter.\n.",
    "original": {
      "code": 3,
      "message": "Gen1 operation for function projects/reservas-salas-empresa/locations/southamerica-east1/functions/deletarEventoNoGoogleAgenda failed: Build failed: Access to bucket gcf-sources-127561408933-southamerica-east1 denied. You must grant Storage Object Viewer permission to 127561408933-compute@developer.gserviceaccount.com. If you are using VPC Service Controls, you must also grant it access to your service perimeter.\n."
    },
    "status": 3,
    "code": 3
  }
}
[error] Error: There was an error deploying functions:
[error] - Error Failed to create function criarEventoNoGoogleAgenda in region southamerica-east1
[error] - Error Failed to create function deletarEventoNoGoogleAgenda in region southamerica-east1
